<?xml version="1.0" encoding="UTF-8"?>
<coverage generated="1696945747955" clover="3.2.0">
  <project timestamp="1696945747955" name="All files">
    <metrics statements="339" coveredstatements="206" conditionals="225" coveredconditionals="102" methods="69" coveredmethods="33" elements="633" coveredelements="341" complexity="0" loc="339" ncloc="339" packages="4" files="11" classes="11"/>
    <package name="react-ultimate-calendar">
      <metrics statements="13" coveredstatements="8" conditionals="0" coveredconditionals="0" methods="4" coveredmethods="1"/>
      <file name="setup-mocks.js" path="/Users/andriimaglovanyi/Personal/react-ultimate-calendar/setup-mocks.js">
        <metrics statements="13" coveredstatements="8" conditionals="0" coveredconditionals="0" methods="4" coveredmethods="1"/>
        <line num="1" count="2" type="stmt"/>
        <line num="2" count="2" type="stmt"/>
        <line num="4" count="2" type="stmt"/>
        <line num="5" count="2" type="stmt"/>
        <line num="7" count="2" type="stmt"/>
        <line num="15" count="2" type="stmt"/>
        <line num="21" count="2" type="stmt"/>
        <line num="23" count="0" type="stmt"/>
        <line num="26" count="0" type="stmt"/>
        <line num="27" count="0" type="stmt"/>
        <line num="28" count="0" type="stmt"/>
        <line num="29" count="0" type="stmt"/>
        <line num="36" count="2" type="stmt"/>
      </file>
    </package>
    <package name="react-ultimate-calendar.src">
      <metrics statements="5" coveredstatements="5" conditionals="0" coveredconditionals="0" methods="0" coveredmethods="0"/>
      <file name="Constants.ts" path="/Users/andriimaglovanyi/Personal/react-ultimate-calendar/src/Constants.ts">
        <metrics statements="5" coveredstatements="5" conditionals="0" coveredconditionals="0" methods="0" coveredmethods="0"/>
        <line num="2" count="2" type="stmt"/>
        <line num="6" count="2" type="stmt"/>
        <line num="13" count="2" type="stmt"/>
        <line num="15" count="2" type="stmt"/>
        <line num="168" count="2" type="stmt"/>
      </file>
    </package>
    <package name="react-ultimate-calendar.src.Components">
      <metrics statements="236" coveredstatements="117" conditionals="179" coveredconditionals="74" methods="48" coveredmethods="17"/>
      <file name="Calendar.tsx" path="/Users/andriimaglovanyi/Personal/react-ultimate-calendar/src/Components/Calendar.tsx">
        <metrics statements="69" coveredstatements="41" conditionals="41" coveredconditionals="23" methods="13" coveredmethods="6"/>
        <line num="1" count="1" type="stmt"/>
        <line num="3" count="1" type="stmt"/>
        <line num="4" count="1" type="stmt"/>
        <line num="5" count="1" type="stmt"/>
        <line num="7" count="1" type="stmt"/>
        <line num="9" count="1" type="stmt"/>
        <line num="16" count="1" type="stmt"/>
        <line num="17" count="1" type="stmt"/>
        <line num="18" count="1" type="stmt"/>
        <line num="37" count="1" type="stmt"/>
        <line num="53" count="47" type="cond" truecount="1" falsecount="1"/>
        <line num="57" count="47" type="cond" truecount="0" falsecount="1"/>
        <line num="66" count="0" type="stmt"/>
        <line num="71" count="47" type="stmt"/>
        <line num="72" count="47" type="stmt"/>
        <line num="73" count="47" type="stmt"/>
        <line num="74" count="47" type="stmt"/>
        <line num="75" count="47" type="stmt"/>
        <line num="76" count="47" type="stmt"/>
        <line num="77" count="47" type="stmt"/>
        <line num="79" count="47" type="stmt"/>
        <line num="84" count="0" type="cond" truecount="0" falsecount="2"/>
        <line num="85" count="0" type="stmt"/>
        <line num="87" count="0" type="stmt"/>
        <line num="91" count="47" type="stmt"/>
        <line num="92" count="0" type="stmt"/>
        <line num="93" count="0" type="stmt"/>
        <line num="96" count="47" type="stmt"/>
        <line num="97" count="6" type="cond" truecount="0" falsecount="1"/>
        <line num="98" count="0" type="stmt"/>
        <line num="101" count="6" type="cond" truecount="0" falsecount="1"/>
        <line num="112" count="0" type="stmt"/>
        <line num="115" count="6" type="stmt"/>
        <line num="116" count="6" type="stmt"/>
        <line num="119" count="47" type="stmt"/>
        <line num="120" count="6" type="stmt"/>
        <line num="121" count="6" type="stmt"/>
        <line num="122" count="6" type="stmt"/>
        <line num="123" count="6" type="stmt"/>
        <line num="124" count="6" type="stmt"/>
        <line num="127" count="47" type="stmt"/>
        <line num="128" count="0" type="stmt"/>
        <line num="129" count="0" type="stmt"/>
        <line num="130" count="0" type="stmt"/>
        <line num="131" count="0" type="stmt"/>
        <line num="132" count="0" type="stmt"/>
        <line num="135" count="47" type="stmt"/>
        <line num="136" count="0" type="stmt"/>
        <line num="137" count="0" type="stmt"/>
        <line num="138" count="0" type="stmt"/>
        <line num="139" count="0" type="stmt"/>
        <line num="140" count="0" type="stmt"/>
        <line num="143" count="47" type="stmt"/>
        <line num="144" count="0" type="stmt"/>
        <line num="145" count="0" type="stmt"/>
        <line num="146" count="0" type="stmt"/>
        <line num="147" count="0" type="stmt"/>
        <line num="148" count="0" type="stmt"/>
        <line num="151" count="47" type="cond" truecount="2" falsecount="0"/>
        <line num="161" count="47" type="stmt"/>
        <line num="175" count="48" type="stmt"/>
        <line num="182" count="48" type="stmt"/>
        <line num="186" count="336" type="stmt"/>
        <line num="253" count="0" type="cond" truecount="0" falsecount="2"/>
        <line num="254" count="0" type="stmt"/>
        <line num="255" count="0" type="stmt"/>
        <line num="258" count="0" type="stmt"/>
        <line num="259" count="0" type="stmt"/>
        <line num="271" count="1" type="stmt"/>
      </file>
      <file name="DateNavigation.tsx" path="/Users/andriimaglovanyi/Personal/react-ultimate-calendar/src/Components/DateNavigation.tsx">
        <metrics statements="6" coveredstatements="6" conditionals="0" coveredconditionals="0" methods="1" coveredmethods="1"/>
        <line num="1" count="1" type="stmt"/>
        <line num="3" count="1" type="stmt"/>
        <line num="4" count="1" type="stmt"/>
        <line num="15" count="1" type="stmt"/>
        <line num="23" count="47" type="stmt"/>
        <line num="72" count="1" type="stmt"/>
      </file>
      <file name="MonthDaysGrid.tsx" path="/Users/andriimaglovanyi/Personal/react-ultimate-calendar/src/Components/MonthDaysGrid.tsx">
        <metrics statements="80" coveredstatements="41" conditionals="99" coveredconditionals="38" methods="11" coveredmethods="4"/>
        <line num="1" count="1" type="stmt"/>
        <line num="3" count="1" type="stmt"/>
        <line num="5" count="1" type="stmt"/>
        <line num="16" count="1" type="stmt"/>
        <line num="17" count="1" type="stmt"/>
        <line num="38" count="1" type="stmt"/>
        <line num="56" count="48" type="stmt"/>
        <line num="58" count="48" type="stmt"/>
        <line num="59" count="48" type="stmt"/>
        <line num="61" count="48" type="stmt"/>
        <line num="64" count="0" type="stmt"/>
        <line num="69" count="0" type="cond" truecount="0" falsecount="1"/>
        <line num="70" count="0" type="cond" truecount="0" falsecount="2"/>
        <line num="71" count="0" type="cond" truecount="0" falsecount="2"/>
        <line num="72" count="0" type="cond" truecount="0" falsecount="2"/>
        <line num="73" count="0" type="stmt"/>
        <line num="74" count="0" type="stmt"/>
        <line num="76" count="0" type="stmt"/>
        <line num="77" count="0" type="stmt"/>
        <line num="78" count="0" type="cond" truecount="0" falsecount="2"/>
        <line num="79" count="0" type="stmt"/>
        <line num="80" count="0" type="stmt"/>
        <line num="82" count="0" type="cond" truecount="0" falsecount="1"/>
        <line num="91" count="0" type="stmt"/>
        <line num="94" count="0" type="cond" truecount="0" falsecount="1"/>
        <line num="103" count="0" type="stmt"/>
        <line num="106" count="0" type="stmt"/>
        <line num="107" count="0" type="cond" truecount="0" falsecount="2"/>
        <line num="109" count="0" type="cond" truecount="0" falsecount="3"/>
        <line num="110" count="0" type="stmt"/>
        <line num="112" count="0" type="cond" truecount="0" falsecount="3"/>
        <line num="113" count="0" type="stmt"/>
        <line num="116" count="0" type="cond" truecount="0" falsecount="4"/>
        <line num="117" count="0" type="stmt"/>
        <line num="118" count="0" type="stmt"/>
        <line num="119" count="0" type="cond" truecount="0" falsecount="2"/>
        <line num="123" count="0" type="stmt"/>
        <line num="124" count="0" type="cond" truecount="0" falsecount="1"/>
        <line num="125" count="0" type="stmt"/>
        <line num="126" count="0" type="stmt"/>
        <line num="131" count="0" type="cond" truecount="0" falsecount="2"/>
        <line num="140" count="0" type="cond" truecount="0" falsecount="2"/>
        <line num="142" count="0" type="cond" truecount="0" falsecount="2"/>
        <line num="148" count="48" type="stmt"/>
        <line num="157" count="1778" type="stmt"/>
        <line num="158" count="3110" type="cond" truecount="2" falsecount="0"/>
        <line num="161" count="1778" type="stmt"/>
        <line num="162" count="1779" type="cond" truecount="5" falsecount="0"/>
        <line num="167" count="1778" type="stmt"/>
        <line num="203" count="48" type="stmt"/>
        <line num="205" count="48" type="stmt"/>
        <line num="208" count="48" type="cond" truecount="2" falsecount="0"/>
        <line num="213" count="48" type="stmt"/>
        <line num="214" count="48" type="stmt"/>
        <line num="216" count="48" type="stmt"/>
        <line num="217" count="48" type="stmt"/>
        <line num="221" count="139" type="stmt"/>
        <line num="231" count="139" type="stmt"/>
        <line num="234" count="48" type="stmt"/>
        <line num="235" count="48" type="stmt"/>
        <line num="240" count="1478" type="stmt"/>
        <line num="242" count="1478" type="cond" truecount="1" falsecount="0"/>
        <line num="243" count="206" type="stmt"/>
        <line num="250" count="0" type="cond" truecount="0" falsecount="2"/>
        <line num="251" count="0" type="cond" truecount="0" falsecount="2"/>
        <line num="252" count="0" type="stmt"/>
        <line num="257" count="206" type="stmt"/>
        <line num="258" count="206" type="stmt"/>
        <line num="261" count="1478" type="stmt"/>
        <line num="265" count="1478" type="stmt"/>
        <line num="269" count="48" type="stmt"/>
        <line num="270" count="48" type="stmt"/>
        <line num="272" count="48" type="stmt"/>
        <line num="273" count="161" type="stmt"/>
        <line num="285" count="48" type="stmt"/>
        <line num="293" count="0" type="cond" truecount="0" falsecount="2"/>
        <line num="296" count="0" type="cond" truecount="0" falsecount="2"/>
        <line num="298" count="0" type="stmt"/>
        <line num="304" count="48" type="stmt"/>
        <line num="318" count="1" type="stmt"/>
      </file>
      <file name="RangePresets.tsx" path="/Users/andriimaglovanyi/Personal/react-ultimate-calendar/src/Components/RangePresets.tsx">
        <metrics statements="20" coveredstatements="3" conditionals="5" coveredconditionals="0" methods="6" coveredmethods="0"/>
        <line num="1" count="1" type="stmt"/>
        <line num="2" count="1" type="stmt"/>
        <line num="13" count="1" type="stmt"/>
        <line num="22" count="0" type="stmt"/>
        <line num="23" count="0" type="stmt"/>
        <line num="25" count="0" type="cond" truecount="0" falsecount="1"/>
        <line num="26" count="0" type="stmt"/>
        <line num="29" count="0" type="stmt"/>
        <line num="30" count="0" type="cond" truecount="0" falsecount="1"/>
        <line num="31" count="0" type="stmt"/>
        <line num="35" count="0" type="stmt"/>
        <line num="37" count="0" type="stmt"/>
        <line num="40" count="0" type="stmt"/>
        <line num="45" count="0" type="stmt"/>
        <line num="46" count="0" type="stmt"/>
        <line num="47" count="0" type="stmt"/>
        <line num="50" count="0" type="stmt"/>
        <line num="53" count="0" type="stmt"/>
        <line num="54" count="0" type="cond" truecount="0" falsecount="3"/>
        <line num="55" count="0" type="stmt"/>
      </file>
      <file name="TimeSelector.tsx" path="/Users/andriimaglovanyi/Personal/react-ultimate-calendar/src/Components/TimeSelector.tsx">
        <metrics statements="36" coveredstatements="5" conditionals="16" coveredconditionals="0" methods="7" coveredmethods="0"/>
        <line num="1" count="1" type="stmt"/>
        <line num="3" count="1" type="stmt"/>
        <line num="4" count="1" type="stmt"/>
        <line num="13" count="1" type="stmt"/>
        <line num="14" count="0" type="cond" truecount="0" falsecount="1"/>
        <line num="16" count="0" type="stmt"/>
        <line num="17" count="0" type="stmt"/>
        <line num="18" count="0" type="stmt"/>
        <line num="20" count="0" type="stmt"/>
        <line num="23" count="1" type="stmt"/>
        <line num="29" count="0" type="stmt"/>
        <line num="30" count="0" type="stmt"/>
        <line num="32" count="0" type="stmt"/>
        <line num="33" count="0" type="cond" truecount="0" falsecount="1"/>
        <line num="34" count="0" type="cond" truecount="0" falsecount="2"/>
        <line num="35" count="0" type="stmt"/>
        <line num="37" count="0" type="stmt"/>
        <line num="42" count="0" type="stmt"/>
        <line num="43" count="0" type="stmt"/>
        <line num="44" count="0" type="cond" truecount="0" falsecount="4"/>
        <line num="45" count="0" type="cond" truecount="0" falsecount="1"/>
        <line num="47" count="0" type="stmt"/>
        <line num="49" count="0" type="stmt"/>
        <line num="53" count="0" type="stmt"/>
        <line num="54" count="0" type="stmt"/>
        <line num="56" count="0" type="cond" truecount="0" falsecount="4"/>
        <line num="57" count="0" type="cond" truecount="0" falsecount="1"/>
        <line num="59" count="0" type="stmt"/>
        <line num="61" count="0" type="stmt"/>
        <line num="65" count="0" type="stmt"/>
        <line num="66" count="0" type="cond" truecount="0" falsecount="1"/>
        <line num="67" count="0" type="stmt"/>
        <line num="71" count="0" type="stmt"/>
        <line num="72" count="0" type="cond" truecount="0" falsecount="1"/>
        <line num="73" count="0" type="stmt"/>
        <line num="77" count="0" type="stmt"/>
      </file>
      <file name="WeekNumbersGrid.tsx" path="/Users/andriimaglovanyi/Personal/react-ultimate-calendar/src/Components/WeekNumbersGrid.tsx">
        <metrics statements="25" coveredstatements="21" conditionals="18" coveredconditionals="13" methods="10" coveredmethods="6"/>
        <line num="1" count="1" type="stmt"/>
        <line num="3" count="1" type="stmt"/>
        <line num="5" count="1" type="stmt"/>
        <line num="7" count="1" type="stmt"/>
        <line num="31" count="1" type="stmt"/>
        <line num="45" count="46" type="stmt"/>
        <line num="49" count="46" type="stmt"/>
        <line num="50" count="46" type="stmt"/>
        <line num="52" count="46" type="stmt"/>
        <line num="53" count="244" type="stmt"/>
        <line num="59" count="244" type="stmt"/>
        <line num="64" count="46" type="stmt"/>
        <line num="67" count="46" type="stmt"/>
        <line num="68" count="244" type="stmt"/>
        <line num="76" count="46" type="stmt"/>
        <line num="77" count="6" type="stmt"/>
        <line num="78" count="6" type="cond" truecount="2" falsecount="0"/>
        <line num="82" count="46" type="stmt"/>
        <line num="84" count="244" type="stmt"/>
        <line num="107" count="0" type="stmt"/>
        <line num="108" count="0" type="stmt"/>
        <line num="109" count="0" type="stmt"/>
        <line num="110" count="6" type="stmt"/>
        <line num="111" count="0" type="stmt"/>
        <line num="121" count="1" type="stmt"/>
      </file>
    </package>
    <package name="react-ultimate-calendar.src.Utils">
      <metrics statements="85" coveredstatements="76" conditionals="46" coveredconditionals="28" methods="17" coveredmethods="15"/>
      <file name="ClassNames.ts" path="/Users/andriimaglovanyi/Personal/react-ultimate-calendar/src/Utils/ClassNames.ts">
        <metrics statements="3" coveredstatements="3" conditionals="0" coveredconditionals="0" methods="2" coveredmethods="2"/>
        <line num="1" count="1" type="stmt"/>
        <line num="2" count="2418" type="stmt"/>
        <line num="3" count="14457" type="stmt"/>
      </file>
      <file name="Date.ts" path="/Users/andriimaglovanyi/Personal/react-ultimate-calendar/src/Utils/Date.ts">
        <metrics statements="73" coveredstatements="72" conditionals="36" coveredconditionals="28" methods="13" coveredmethods="13"/>
        <line num="1" count="2" type="stmt"/>
        <line num="9" count="2" type="stmt"/>
        <line num="10" count="2311" type="stmt"/>
        <line num="13" count="2" type="cond" truecount="1" falsecount="0"/>
        <line num="14" count="554" type="stmt"/>
        <line num="15" count="554" type="stmt"/>
        <line num="16" count="554" type="cond" truecount="2" falsecount="0"/>
        <line num="18" count="554" type="stmt"/>
        <line num="19" count="554" type="stmt"/>
        <line num="20" count="554" type="stmt"/>
        <line num="23" count="2" type="cond" truecount="1" falsecount="0"/>
        <line num="24" count="1101" type="stmt"/>
        <line num="25" count="1101" type="stmt"/>
        <line num="26" count="1101" type="cond" truecount="2" falsecount="0"/>
        <line num="28" count="1101" type="stmt"/>
        <line num="29" count="1101" type="stmt"/>
        <line num="31" count="1101" type="stmt"/>
        <line num="34" count="2" type="stmt"/>
        <line num="38" count="303" type="stmt"/>
        <line num="39" count="303" type="stmt"/>
        <line num="40" count="303" type="stmt"/>
        <line num="42" count="303" type="stmt"/>
        <line num="55" count="2" type="stmt"/>
        <line num="56" count="1179" type="stmt"/>
        <line num="58" count="1179" type="cond" truecount="2" falsecount="0"/>
        <line num="70" count="2" type="stmt"/>
        <line num="75" count="9" type="stmt"/>
        <line num="76" count="9" type="stmt"/>
        <line num="78" count="9" type="stmt"/>
        <line num="79" count="9" type="stmt"/>
        <line num="81" count="9" type="stmt"/>
        <line num="82" count="9" type="stmt"/>
        <line num="83" count="9" type="stmt"/>
        <line num="85" count="9" type="stmt"/>
        <line num="88" count="2" type="cond" truecount="1" falsecount="0"/>
        <line num="89" count="257" type="stmt"/>
        <line num="91" count="257" type="stmt"/>
        <line num="92" count="257" type="stmt"/>
        <line num="93" count="257" type="stmt"/>
        <line num="98" count="257" type="cond" truecount="1" falsecount="0"/>
        <line num="99" count="5" type="stmt"/>
        <line num="100" count="5" type="stmt"/>
        <line num="106" count="257" type="cond" truecount="1" falsecount="0"/>
        <line num="111" count="24" type="stmt"/>
        <line num="114" count="233" type="stmt"/>
        <line num="119" count="233" type="stmt"/>
        <line num="122" count="2" type="stmt"/>
        <line num="123" count="48" type="stmt"/>
        <line num="124" count="48" type="stmt"/>
        <line num="125" count="48" type="stmt"/>
        <line num="126" count="48" type="stmt"/>
        <line num="127" count="48" type="stmt"/>
        <line num="128" count="336" type="stmt"/>
        <line num="129" count="336" type="stmt"/>
        <line num="132" count="48" type="stmt"/>
        <line num="135" count="2" type="stmt"/>
        <line num="136" count="48" type="stmt"/>
        <line num="137" count="48" type="stmt"/>
        <line num="139" count="48" type="stmt"/>
        <line num="145" count="2" type="stmt"/>
        <line num="146" count="96" type="stmt"/>
        <line num="148" count="96" type="cond" truecount="0" falsecount="1"/>
        <line num="153" count="0" type="stmt"/>
        <line num="155" count="96" type="stmt"/>
        <line num="158" count="2" type="stmt"/>
        <line num="159" count="448" type="cond" truecount="0" falsecount="1"/>
        <line num="160" count="448" type="stmt"/>
        <line num="168" count="2" type="stmt"/>
        <line num="169" count="279" type="cond" truecount="0" falsecount="1"/>
        <line num="170" count="279" type="stmt"/>
        <line num="178" count="2" type="stmt"/>
        <line num="179" count="4452" type="cond" truecount="0" falsecount="1"/>
        <line num="180" count="4452" type="stmt"/>
      </file>
      <file name="Dom.ts" path="/Users/andriimaglovanyi/Personal/react-ultimate-calendar/src/Utils/Dom.ts">
        <metrics statements="9" coveredstatements="1" conditionals="10" coveredconditionals="0" methods="2" coveredmethods="0"/>
        <line num="3" count="1" type="stmt"/>
        <line num="7" count="0" type="stmt"/>
        <line num="8" count="0" type="stmt"/>
        <line num="10" count="0" type="cond" truecount="0" falsecount="2"/>
        <line num="11" count="0" type="cond" truecount="0" falsecount="3"/>
        <line num="12" count="0" type="stmt"/>
        <line num="15" count="0" type="cond" truecount="0" falsecount="3"/>
        <line num="16" count="0" type="stmt"/>
        <line num="19" count="0" type="cond" truecount="0" falsecount="2"/>
      </file>
    </package>
  </project>
</coverage>
