{"/Users/andriimaglovanyi/Personal/react-ultimate-calendar/setup-mocks.js": {"path":"/Users/andriimaglovanyi/Personal/react-ultimate-calendar/setup-mocks.js","statementMap":{"0":{"start":{"line":1,"column":15},"end":{"line":1,"column":32}},"1":{"start":{"line":2,"column":24},"end":{"line":2,"column":39}},"2":{"start":{"line":4,"column":19},"end":{"line":34,"column":1}},"3":{"start":{"line":5,"column":2},"end":{"line":5,"column":35}},"4":{"start":{"line":7,"column":2},"end":{"line":13,"column":5}},"5":{"start":{"line":15,"column":2},"end":{"line":19,"column":5}},"6":{"start":{"line":21,"column":2},"end":{"line":33,"column":5}},"7":{"start":{"line":23,"column":40},"end":{"line":23,"column":72}},"8":{"start":{"line":26,"column":26},"end":{"line":26,"column":43}},"9":{"start":{"line":27,"column":26},"end":{"line":27,"column":46}},"10":{"start":{"line":28,"column":25},"end":{"line":28,"column":71}},"11":{"start":{"line":29,"column":10},"end":{"line":29,"column":24}},"12":{"start":{"line":36,"column":0},"end":{"line":36,"column":32}}},"fnMap":{"0":{"name":"(anonymous_0)","decl":{"start":{"line":4,"column":19},"end":{"line":4,"column":20}},"loc":{"start":{"line":4,"column":25},"end":{"line":34,"column":1}},"line":4},"1":{"name":"(anonymous_1)","decl":{"start":{"line":17,"column":17},"end":{"line":17,"column":18}},"loc":{"start":{"line":17,"column":23},"end":{"line":17,"column":25}},"line":17},"2":{"name":"(anonymous_2)","decl":{"start":{"line":23,"column":23},"end":{"line":23,"column":24}},"loc":{"start":{"line":23,"column":40},"end":{"line":23,"column":72}},"line":23},"3":{"name":"(anonymous_3)","decl":{"start":{"line":25,"column":8},"end":{"line":25,"column":9}},"loc":{"start":{"line":25,"column":38},"end":{"line":30,"column":9}},"line":25}},"branchMap":{},"s":{"0":2,"1":2,"2":2,"3":2,"4":2,"5":2,"6":2,"7":0,"8":0,"9":0,"10":0,"11":0,"12":2},"f":{"0":2,"1":0,"2":0,"3":0},"b":{},"inputSourceMap":null,"_coverageSchema":"1a1c01bbd47fc00a2c39e90264f33305004495a9","hash":"ceccb43846210856bd6b02e3c2d4ff9a9479fe81"}
,"/Users/andriimaglovanyi/Personal/react-ultimate-calendar/src/Constants.ts": {"path":"/Users/andriimaglovanyi/Personal/react-ultimate-calendar/src/Constants.ts","statementMap":{"0":{"start":{"line":2,"column":13},"end":{"line":2,"column":42}},"1":{"start":{"line":6,"column":13},"end":{"line":10,"column":2}},"2":{"start":{"line":13,"column":13},"end":{"line":13,"column":46}},"3":{"start":{"line":15,"column":13},"end":{"line":166,"column":2}},"4":{"start":{"line":168,"column":13},"end":{"line":168,"column":79}}},"fnMap":{},"branchMap":{},"s":{"0":2,"1":2,"2":2,"3":2,"4":2},"f":{},"b":{}}
,"/Users/andriimaglovanyi/Personal/react-ultimate-calendar/src/Components/Calendar.tsx": {"path":"/Users/andriimaglovanyi/Personal/react-ultimate-calendar/src/Components/Calendar.tsx","statementMap":{"0":{"start":{"line":1,"column":0},"end":{"line":1,"column":40}},"1":{"start":{"line":3,"column":0},"end":{"line":3,"column":46}},"2":{"start":{"line":4,"column":0},"end":{"line":4,"column":44}},"3":{"start":{"line":5,"column":0},"end":{"line":5,"column":48}},"4":{"start":{"line":7,"column":0},"end":{"line":7,"column":45}},"5":{"start":{"line":9,"column":0},"end":{"line":9,"column":null}},"6":{"start":{"line":16,"column":0},"end":{"line":16,"column":44}},"7":{"start":{"line":17,"column":0},"end":{"line":17,"column":46}},"8":{"start":{"line":18,"column":0},"end":{"line":18,"column":46}},"9":{"start":{"line":37,"column":17},"end":{"line":269,"column":1}},"10":{"start":{"line":53,"column":35},"end":{"line":55,"column":27}},"11":{"start":{"line":57,"column":2},"end":{"line":69,"column":null}},"12":{"start":{"line":66,"column":4},"end":{"line":68,"column":6}},"13":{"start":{"line":71,"column":38},"end":{"line":71,"column":72}},"14":{"start":{"line":72,"column":34},"end":{"line":72,"column":66}},"15":{"start":{"line":73,"column":28},"end":{"line":73,"column":48}},"16":{"start":{"line":74,"column":26},"end":{"line":74,"column":45}},"17":{"start":{"line":75,"column":36},"end":{"line":75,"column":65}},"18":{"start":{"line":76,"column":36},"end":{"line":76,"column":60}},"19":{"start":{"line":77,"column":38},"end":{"line":77,"column":62}},"20":{"start":{"line":79,"column":27},"end":{"line":89,"column":3}},"21":{"start":{"line":84,"column":4},"end":{"line":88,"column":null}},"22":{"start":{"line":85,"column":6},"end":{"line":85,"column":26}},"23":{"start":{"line":87,"column":6},"end":{"line":87,"column":37}},"24":{"start":{"line":91,"column":27},"end":{"line":94,"column":3}},"25":{"start":{"line":92,"column":4},"end":{"line":92,"column":25}},"26":{"start":{"line":93,"column":4},"end":{"line":93,"column":30}},"27":{"start":{"line":96,"column":19},"end":{"line":117,"column":3}},"28":{"start":{"line":97,"column":4},"end":{"line":99,"column":null}},"29":{"start":{"line":98,"column":6},"end":{"line":98,"column":13}},"30":{"start":{"line":101,"column":4},"end":{"line":113,"column":null}},"31":{"start":{"line":112,"column":6},"end":{"line":112,"column":13}},"32":{"start":{"line":115,"column":4},"end":{"line":115,"column":25}},"33":{"start":{"line":116,"column":4},"end":{"line":116,"column":21}},"34":{"start":{"line":119,"column":19},"end":{"line":125,"column":3}},"35":{"start":{"line":120,"column":17},"end":{"line":120,"column":41}},"36":{"start":{"line":121,"column":4},"end":{"line":121,"column":23}},"37":{"start":{"line":122,"column":4},"end":{"line":122,"column":39}},"38":{"start":{"line":123,"column":4},"end":{"line":123,"column":30}},"39":{"start":{"line":124,"column":4},"end":{"line":124,"column":32}},"40":{"start":{"line":127,"column":19},"end":{"line":133,"column":3}},"41":{"start":{"line":128,"column":17},"end":{"line":128,"column":41}},"42":{"start":{"line":129,"column":4},"end":{"line":129,"column":23}},"43":{"start":{"line":130,"column":4},"end":{"line":130,"column":39}},"44":{"start":{"line":131,"column":4},"end":{"line":131,"column":30}},"45":{"start":{"line":132,"column":4},"end":{"line":132,"column":32}},"46":{"start":{"line":135,"column":18},"end":{"line":141,"column":3}},"47":{"start":{"line":136,"column":17},"end":{"line":136,"column":41}},"48":{"start":{"line":137,"column":4},"end":{"line":137,"column":23}},"49":{"start":{"line":138,"column":4},"end":{"line":138,"column":45}},"50":{"start":{"line":139,"column":4},"end":{"line":139,"column":30}},"51":{"start":{"line":140,"column":4},"end":{"line":140,"column":32}},"52":{"start":{"line":143,"column":18},"end":{"line":149,"column":3}},"53":{"start":{"line":144,"column":17},"end":{"line":144,"column":41}},"54":{"start":{"line":145,"column":4},"end":{"line":145,"column":23}},"55":{"start":{"line":146,"column":4},"end":{"line":146,"column":45}},"56":{"start":{"line":147,"column":4},"end":{"line":147,"column":30}},"57":{"start":{"line":148,"column":4},"end":{"line":148,"column":32}},"58":{"start":{"line":151,"column":25},"end":{"line":159,"column":23}},"59":{"start":{"line":161,"column":2},"end":{"line":268,"column":4}},"60":{"start":{"line":175,"column":14},"end":{"line":176,"column":null}},"61":{"start":{"line":182,"column":14},"end":{"line":235,"column":null}},"62":{"start":{"line":186,"column":22},"end":{"line":187,"column":null}},"63":{"start":{"line":253,"column":14},"end":{"line":253,"column":59}},"64":{"start":{"line":254,"column":14},"end":{"line":254,"column":35}},"65":{"start":{"line":255,"column":14},"end":{"line":255,"column":31}},"66":{"start":{"line":258,"column":14},"end":{"line":258,"column":35}},"67":{"start":{"line":259,"column":14},"end":{"line":259,"column":31}},"68":{"start":{"line":271,"column":0},"end":{"line":271,"column":24}}},"fnMap":{"0":{"name":"(anonymous_7)","decl":{"start":{"line":37,"column":17},"end":{"line":37,"column":18}},"loc":{"start":{"line":52,"column":20},"end":{"line":269,"column":1}}},"1":{"name":"(anonymous_8)","decl":{"start":{"line":79,"column":27},"end":{"line":79,"column":null}},"loc":{"start":{"line":83,"column":6},"end":{"line":89,"column":3}}},"2":{"name":"(anonymous_9)","decl":{"start":{"line":91,"column":27},"end":{"line":91,"column":28}},"loc":{"start":{"line":91,"column":61},"end":{"line":94,"column":3}}},"3":{"name":"(anonymous_10)","decl":{"start":{"line":96,"column":19},"end":{"line":96,"column":20}},"loc":{"start":{"line":96,"column":46},"end":{"line":117,"column":3}}},"4":{"name":"(anonymous_11)","decl":{"start":{"line":119,"column":19},"end":{"line":119,"column":22}},"loc":{"start":{"line":119,"column":24},"end":{"line":125,"column":3}}},"5":{"name":"(anonymous_12)","decl":{"start":{"line":127,"column":19},"end":{"line":127,"column":22}},"loc":{"start":{"line":127,"column":24},"end":{"line":133,"column":3}}},"6":{"name":"(anonymous_13)","decl":{"start":{"line":135,"column":18},"end":{"line":135,"column":21}},"loc":{"start":{"line":135,"column":23},"end":{"line":141,"column":3}}},"7":{"name":"(anonymous_14)","decl":{"start":{"line":143,"column":18},"end":{"line":143,"column":21}},"loc":{"start":{"line":143,"column":23},"end":{"line":149,"column":3}}},"8":{"name":"(anonymous_15)","decl":{"start":{"line":174,"column":32},"end":{"line":174,"column":33}},"loc":{"start":{"line":175,"column":14},"end":{"line":176,"column":null}}},"9":{"name":"(anonymous_16)","decl":{"start":{"line":181,"column":32},"end":{"line":181,"column":33}},"loc":{"start":{"line":182,"column":14},"end":{"line":235,"column":null}}},"10":{"name":"(anonymous_17)","decl":{"start":{"line":185,"column":45},"end":{"line":185,"column":46}},"loc":{"start":{"line":186,"column":22},"end":{"line":187,"column":null}}},"11":{"name":"(anonymous_18)","decl":{"start":{"line":252,"column":26},"end":{"line":252,"column":27}},"loc":{"start":{"line":252,"column":67},"end":{"line":256,"column":13}}},"12":{"name":"(anonymous_19)","decl":{"start":{"line":257,"column":25},"end":{"line":257,"column":26}},"loc":{"start":{"line":257,"column":40},"end":{"line":260,"column":13}}}},"branchMap":{"0":{"loc":{"start":{"line":39,"column":2},"end":{"line":39,"column":18}},"type":"default-arg","locations":[{"start":{"line":39,"column":11},"end":{"line":39,"column":18}}]},"1":{"loc":{"start":{"line":40,"column":2},"end":{"line":40,"column":12}},"type":"default-arg","locations":[{"start":{"line":40,"column":8},"end":{"line":40,"column":12}}]},"2":{"loc":{"start":{"line":41,"column":2},"end":{"line":41,"column":12}},"type":"default-arg","locations":[{"start":{"line":41,"column":8},"end":{"line":41,"column":12}}]},"3":{"loc":{"start":{"line":42,"column":9},"end":{"line":42,"column":43}},"type":"default-arg","locations":[{"start":{"line":42,"column":22},"end":{"line":42,"column":43}}]},"4":{"loc":{"start":{"line":43,"column":2},"end":{"line":43,"column":15}},"type":"default-arg","locations":[{"start":{"line":43,"column":10},"end":{"line":43,"column":15}}]},"5":{"loc":{"start":{"line":44,"column":2},"end":{"line":44,"column":15}},"type":"default-arg","locations":[{"start":{"line":44,"column":10},"end":{"line":44,"column":15}}]},"6":{"loc":{"start":{"line":50,"column":8},"end":{"line":50,"column":44}},"type":"default-arg","locations":[{"start":{"line":50,"column":20},"end":{"line":50,"column":44}}]},"7":{"loc":{"start":{"line":51,"column":2},"end":{"line":51,"column":22}},"type":"default-arg","locations":[{"start":{"line":51,"column":17},"end":{"line":51,"column":22}}]},"8":{"loc":{"start":{"line":53,"column":35},"end":{"line":55,"column":27}},"type":"cond-expr","locations":[{"start":{"line":54,"column":6},"end":{"line":54,"column":19}},{"start":{"line":55,"column":6},"end":{"line":55,"column":27}}]},"9":{"loc":{"start":{"line":54,"column":6},"end":{"line":54,"column":19}},"type":"binary-expr","locations":[{"start":{"line":54,"column":6},"end":{"line":54,"column":11}},{"start":{"line":54,"column":15},"end":{"line":54,"column":19}}]},"10":{"loc":{"start":{"line":55,"column":7},"end":{"line":55,"column":20}},"type":"binary-expr","locations":[{"start":{"line":55,"column":7},"end":{"line":55,"column":12}},{"start":{"line":55,"column":16},"end":{"line":55,"column":20}}]},"11":{"loc":{"start":{"line":57,"column":2},"end":{"line":69,"column":null}},"type":"if","locations":[{"start":{"line":57,"column":2},"end":{"line":69,"column":null}}]},"12":{"loc":{"start":{"line":58,"column":4},"end":{"line":63,"column":null}},"type":"binary-expr","locations":[{"start":{"line":58,"column":4},"end":{"line":58,"column":13}},{"start":{"line":59,"column":4},"end":{"line":63,"column":null}}]},"13":{"loc":{"start":{"line":84,"column":4},"end":{"line":88,"column":null}},"type":"if","locations":[{"start":{"line":84,"column":4},"end":{"line":88,"column":null}},{"start":{"line":86,"column":11},"end":{"line":88,"column":null}}]},"14":{"loc":{"start":{"line":97,"column":4},"end":{"line":99,"column":null}},"type":"if","locations":[{"start":{"line":97,"column":4},"end":{"line":99,"column":null}}]},"15":{"loc":{"start":{"line":101,"column":4},"end":{"line":113,"column":null}},"type":"if","locations":[{"start":{"line":101,"column":4},"end":{"line":113,"column":null}}]},"16":{"loc":{"start":{"line":102,"column":6},"end":{"line":110,"column":10}},"type":"binary-expr","locations":[{"start":{"line":102,"column":7},"end":{"line":102,"column":10}},{"start":{"line":103,"column":8},"end":{"line":103,"column":74}},{"start":{"line":104,"column":7},"end":{"line":104,"column":10}},{"start":{"line":105,"column":8},"end":{"line":109,"column":null}}]},"17":{"loc":{"start":{"line":151,"column":25},"end":{"line":159,"column":23}},"type":"cond-expr","locations":[{"start":{"line":152,"column":6},"end":{"line":158,"column":null}},{"start":{"line":159,"column":6},"end":{"line":159,"column":23}}]},"18":{"loc":{"start":{"line":155,"column":17},"end":{"line":155,"column":49}},"type":"cond-expr","locations":[{"start":{"line":155,"column":36},"end":{"line":155,"column":37}},{"start":{"line":155,"column":40},"end":{"line":155,"column":49}}]},"19":{"loc":{"start":{"line":156,"column":16},"end":{"line":156,"column":50}},"type":"cond-expr","locations":[{"start":{"line":156,"column":35},"end":{"line":156,"column":43}},{"start":{"line":156,"column":46},"end":{"line":156,"column":50}}]},"20":{"loc":{"start":{"line":163,"column":45},"end":{"line":163,"column":66}},"type":"binary-expr","locations":[{"start":{"line":163,"column":45},"end":{"line":163,"column":50}},{"start":{"line":163,"column":54},"end":{"line":163,"column":66}}]},"21":{"loc":{"start":{"line":212,"column":17},"end":{"line":234,"column":null}},"type":"binary-expr","locations":[{"start":{"line":212,"column":17},"end":{"line":212,"column":32}},{"start":{"line":213,"column":18},"end":{"line":233,"column":null}}]},"22":{"loc":{"start":{"line":240,"column":11},"end":{"line":247,"column":18}},"type":"cond-expr","locations":[{"start":{"line":241,"column":12},"end":{"line":245,"column":null}},{"start":{"line":247,"column":14},"end":{"line":247,"column":18}}]},"23":{"loc":{"start":{"line":249,"column":9},"end":{"line":265,"column":16}},"type":"cond-expr","locations":[{"start":{"line":250,"column":10},"end":{"line":263,"column":null}},{"start":{"line":265,"column":12},"end":{"line":265,"column":16}}]},"24":{"loc":{"start":{"line":253,"column":27},"end":{"line":253,"column":57}},"type":"binary-expr","locations":[{"start":{"line":253,"column":27},"end":{"line":253,"column":41}},{"start":{"line":253,"column":45},"end":{"line":253,"column":57}}]}},"s":{"0":1,"1":1,"2":1,"3":1,"4":1,"5":1,"6":1,"7":1,"8":1,"9":1,"10":47,"11":47,"12":0,"13":47,"14":47,"15":47,"16":47,"17":47,"18":47,"19":47,"20":47,"21":0,"22":0,"23":0,"24":47,"25":0,"26":0,"27":47,"28":6,"29":0,"30":6,"31":0,"32":6,"33":6,"34":47,"35":6,"36":6,"37":6,"38":6,"39":6,"40":47,"41":0,"42":0,"43":0,"44":0,"45":0,"46":47,"47":0,"48":0,"49":0,"50":0,"51":0,"52":47,"53":0,"54":0,"55":0,"56":0,"57":0,"58":47,"59":47,"60":48,"61":48,"62":336,"63":0,"64":0,"65":0,"66":0,"67":0,"68":1},"f":{"0":47,"1":0,"2":0,"3":6,"4":6,"5":0,"6":0,"7":0,"8":48,"9":48,"10":336,"11":0,"12":0},"b":{"0":[19],"1":[47],"2":[47],"3":[1],"4":[46],"5":[47],"6":[1],"7":[47],"8":[0,47],"9":[0,0],"10":[47,47],"11":[0],"12":[47,0],"13":[0,0],"14":[0],"15":[0],"16":[6,0,6,0],"17":[1,46],"18":[0,1],"19":[0,1],"20":[47,0],"21":[48,46],"22":[0,47],"23":[0,47],"24":[0,0]}}
,"/Users/andriimaglovanyi/Personal/react-ultimate-calendar/src/Components/DateNavigation.tsx": {"path":"/Users/andriimaglovanyi/Personal/react-ultimate-calendar/src/Components/DateNavigation.tsx","statementMap":{"0":{"start":{"line":1,"column":0},"end":{"line":1,"column":26}},"1":{"start":{"line":3,"column":0},"end":{"line":3,"column":45}},"2":{"start":{"line":4,"column":0},"end":{"line":4,"column":50}},"3":{"start":{"line":15,"column":23},"end":{"line":69,"column":null}},"4":{"start":{"line":23,"column":2},"end":{"line":68,"column":null}},"5":{"start":{"line":72,"column":0},"end":{"line":72,"column":30}}},"fnMap":{"0":{"name":"(anonymous_1)","decl":{"start":{"line":15,"column":23},"end":{"line":15,"column":24}},"loc":{"start":{"line":23,"column":2},"end":{"line":68,"column":null}}}},"branchMap":{},"s":{"0":1,"1":1,"2":1,"3":1,"4":47,"5":1},"f":{"0":47},"b":{}}
,"/Users/andriimaglovanyi/Personal/react-ultimate-calendar/src/Components/MonthDaysGrid.tsx": {"path":"/Users/andriimaglovanyi/Personal/react-ultimate-calendar/src/Components/MonthDaysGrid.tsx","statementMap":{"0":{"start":{"line":1,"column":0},"end":{"line":1,"column":26}},"1":{"start":{"line":3,"column":0},"end":{"line":3,"column":49}},"2":{"start":{"line":5,"column":0},"end":{"line":5,"column":null}},"3":{"start":{"line":16,"column":0},"end":{"line":16,"column":45}},"4":{"start":{"line":17,"column":0},"end":{"line":17,"column":55}},"5":{"start":{"line":38,"column":22},"end":{"line":316,"column":1}},"6":{"start":{"line":56,"column":15},"end":{"line":56,"column":17}},"7":{"start":{"line":58,"column":16},"end":{"line":58,"column":18}},"8":{"start":{"line":59,"column":15},"end":{"line":59,"column":16}},"9":{"start":{"line":61,"column":18},"end":{"line":146,"column":3}},"10":{"start":{"line":64,"column":19},"end":{"line":66,"column":null}},"11":{"start":{"line":69,"column":4},"end":{"line":145,"column":null}},"12":{"start":{"line":70,"column":23},"end":{"line":70,"column":62}},"13":{"start":{"line":71,"column":25},"end":{"line":71,"column":66}},"14":{"start":{"line":72,"column":24},"end":{"line":72,"column":64}},"15":{"start":{"line":73,"column":19},"end":{"line":73,"column":60}},"16":{"start":{"line":74,"column":6},"end":{"line":74,"column":32}},"17":{"start":{"line":76,"column":29},"end":{"line":76,"column":54}},"18":{"start":{"line":77,"column":21},"end":{"line":77,"column":56}},"19":{"start":{"line":78,"column":6},"end":{"line":144,"column":null}},"20":{"start":{"line":79,"column":28},"end":{"line":79,"column":64}},"21":{"start":{"line":80,"column":26},"end":{"line":80,"column":60}},"22":{"start":{"line":82,"column":8},"end":{"line":92,"column":null}},"23":{"start":{"line":91,"column":10},"end":{"line":91,"column":17}},"24":{"start":{"line":94,"column":8},"end":{"line":104,"column":null}},"25":{"start":{"line":103,"column":10},"end":{"line":103,"column":17}},"26":{"start":{"line":106,"column":8},"end":{"line":106,"column":41}},"27":{"start":{"line":107,"column":8},"end":{"line":107,"column":61}},"28":{"start":{"line":109,"column":8},"end":{"line":111,"column":null}},"29":{"start":{"line":110,"column":10},"end":{"line":110,"column":17}},"30":{"start":{"line":112,"column":8},"end":{"line":114,"column":null}},"31":{"start":{"line":113,"column":10},"end":{"line":113,"column":17}},"32":{"start":{"line":116,"column":8},"end":{"line":127,"column":null}},"33":{"start":{"line":117,"column":10},"end":{"line":117,"column":30}},"34":{"start":{"line":118,"column":10},"end":{"line":118,"column":28}},"35":{"start":{"line":119,"column":15},"end":{"line":127,"column":null}},"36":{"start":{"line":123,"column":10},"end":{"line":123,"column":30}},"37":{"start":{"line":124,"column":15},"end":{"line":127,"column":null}},"38":{"start":{"line":125,"column":10},"end":{"line":125,"column":41}},"39":{"start":{"line":126,"column":10},"end":{"line":126,"column":28}},"40":{"start":{"line":131,"column":8},"end":{"line":143,"column":null}},"41":{"start":{"line":140,"column":10},"end":{"line":140,"column":57}},"42":{"start":{"line":142,"column":10},"end":{"line":142,"column":61}},"43":{"start":{"line":148,"column":20},"end":{"line":201,"column":3}},"44":{"start":{"line":157,"column":25},"end":{"line":159,"column":65}},"45":{"start":{"line":158,"column":6},"end":{"line":159,"column":65}},"46":{"start":{"line":161,"column":23},"end":{"line":165,"column":40}},"47":{"start":{"line":162,"column":6},"end":{"line":165,"column":40}},"48":{"start":{"line":167,"column":4},"end":{"line":200,"column":6}},"49":{"start":{"line":203,"column":16},"end":{"line":203,"column":26}},"50":{"start":{"line":205,"column":20},"end":{"line":205,"column":53}},"51":{"start":{"line":208,"column":4},"end":{"line":211,"column":5}},"52":{"start":{"line":213,"column":20},"end":{"line":213,"column":44}},"53":{"start":{"line":214,"column":2},"end":{"line":214,"column":47}},"54":{"start":{"line":216,"column":2},"end":{"line":232,"column":null}},"55":{"start":{"line":217,"column":18},"end":{"line":217,"column":43}},"56":{"start":{"line":217,"column":49},"end":{"line":217,"column":71}},"57":{"start":{"line":221,"column":4},"end":{"line":230,"column":6}},"58":{"start":{"line":231,"column":4},"end":{"line":231,"column":16}},"59":{"start":{"line":234,"column":2},"end":{"line":266,"column":null}},"60":{"start":{"line":235,"column":12},"end":{"line":235,"column":13}},"61":{"start":{"line":235,"column":25},"end":{"line":235,"column":65}},"62":{"start":{"line":240,"column":18},"end":{"line":240,"column":29}},"63":{"start":{"line":242,"column":4},"end":{"line":259,"column":null}},"64":{"start":{"line":243,"column":6},"end":{"line":256,"column":8}},"65":{"start":{"line":250,"column":25},"end":{"line":250,"column":75}},"66":{"start":{"line":251,"column":29},"end":{"line":251,"column":79}},"67":{"start":{"line":252,"column":30},"end":{"line":252,"column":48}},"68":{"start":{"line":257,"column":6},"end":{"line":257,"column":19}},"69":{"start":{"line":258,"column":6},"end":{"line":258,"column":17}},"70":{"start":{"line":261,"column":4},"end":{"line":263,"column":6}},"71":{"start":{"line":265,"column":4},"end":{"line":265,"column":16}},"72":{"start":{"line":269,"column":20},"end":{"line":269,"column":44}},"73":{"start":{"line":270,"column":2},"end":{"line":270,"column":47}},"74":{"start":{"line":272,"column":2},"end":{"line":283,"column":null}},"75":{"start":{"line":272,"column":15},"end":{"line":272,"column":16}},"76":{"start":{"line":273,"column":4},"end":{"line":282,"column":6}},"77":{"start":{"line":285,"column":2},"end":{"line":302,"column":4}},"78":{"start":{"line":293,"column":8},"end":{"line":293,"column":68}},"79":{"start":{"line":296,"column":8},"end":{"line":296,"column":68}},"80":{"start":{"line":298,"column":26},"end":{"line":298,"column":44}},"81":{"start":{"line":304,"column":2},"end":{"line":315,"column":4}},"82":{"start":{"line":318,"column":0},"end":{"line":318,"column":29}}},"fnMap":{"0":{"name":"(anonymous_1)","decl":{"start":{"line":38,"column":22},"end":{"line":38,"column":23}},"loc":{"start":{"line":55,"column":25},"end":{"line":316,"column":1}}},"1":{"name":"(anonymous_2)","decl":{"start":{"line":61,"column":18},"end":{"line":61,"column":null}},"loc":{"start":{"line":63,"column":6},"end":{"line":146,"column":3}}},"2":{"name":"(anonymous_3)","decl":{"start":{"line":148,"column":20},"end":{"line":148,"column":null}},"loc":{"start":{"line":156,"column":6},"end":{"line":201,"column":3}}},"3":{"name":"(anonymous_4)","decl":{"start":{"line":157,"column":25},"end":{"line":157,"column":28}},"loc":{"start":{"line":158,"column":6},"end":{"line":159,"column":65}}},"4":{"name":"(anonymous_5)","decl":{"start":{"line":161,"column":23},"end":{"line":161,"column":26}},"loc":{"start":{"line":162,"column":6},"end":{"line":165,"column":40}}},"5":{"name":"(anonymous_6)","decl":{"start":{"line":250,"column":19},"end":{"line":250,"column":22}},"loc":{"start":{"line":250,"column":25},"end":{"line":250,"column":75}}},"6":{"name":"(anonymous_7)","decl":{"start":{"line":251,"column":23},"end":{"line":251,"column":26}},"loc":{"start":{"line":251,"column":29},"end":{"line":251,"column":79}}},"7":{"name":"(anonymous_8)","decl":{"start":{"line":252,"column":24},"end":{"line":252,"column":27}},"loc":{"start":{"line":252,"column":30},"end":{"line":252,"column":48}}},"8":{"name":"(anonymous_9)","decl":{"start":{"line":292,"column":15},"end":{"line":292,"column":18}},"loc":{"start":{"line":293,"column":8},"end":{"line":293,"column":68}}},"9":{"name":"(anonymous_10)","decl":{"start":{"line":295,"column":19},"end":{"line":295,"column":22}},"loc":{"start":{"line":296,"column":8},"end":{"line":296,"column":68}}},"10":{"name":"(anonymous_11)","decl":{"start":{"line":298,"column":20},"end":{"line":298,"column":23}},"loc":{"start":{"line":298,"column":26},"end":{"line":298,"column":44}}}},"branchMap":{"0":{"loc":{"start":{"line":39,"column":2},"end":{"line":39,"column":18}},"type":"default-arg","locations":[{"start":{"line":39,"column":14},"end":{"line":39,"column":18}}]},"1":{"loc":{"start":{"line":40,"column":2},"end":{"line":40,"column":18}},"type":"default-arg","locations":[{"start":{"line":40,"column":11},"end":{"line":40,"column":18}}]},"2":{"loc":{"start":{"line":43,"column":2},"end":{"line":43,"column":31}},"type":"default-arg","locations":[{"start":{"line":43,"column":10},"end":{"line":43,"column":31}}]},"3":{"loc":{"start":{"line":53,"column":2},"end":{"line":53,"column":23}},"type":"default-arg","locations":[{"start":{"line":53,"column":18},"end":{"line":53,"column":23}}]},"4":{"loc":{"start":{"line":54,"column":2},"end":{"line":54,"column":33}},"type":"default-arg","locations":[{"start":{"line":54,"column":9},"end":{"line":54,"column":33}}]},"5":{"loc":{"start":{"line":69,"column":4},"end":{"line":145,"column":null}},"type":"if","locations":[{"start":{"line":69,"column":4},"end":{"line":145,"column":null}}]},"6":{"loc":{"start":{"line":70,"column":32},"end":{"line":70,"column":57}},"type":"binary-expr","locations":[{"start":{"line":70,"column":32},"end":{"line":70,"column":50}},{"start":{"line":70,"column":54},"end":{"line":70,"column":57}}]},"7":{"loc":{"start":{"line":71,"column":34},"end":{"line":71,"column":61}},"type":"binary-expr","locations":[{"start":{"line":71,"column":34},"end":{"line":71,"column":54}},{"start":{"line":71,"column":58},"end":{"line":71,"column":61}}]},"8":{"loc":{"start":{"line":72,"column":33},"end":{"line":72,"column":59}},"type":"binary-expr","locations":[{"start":{"line":72,"column":33},"end":{"line":72,"column":52}},{"start":{"line":72,"column":56},"end":{"line":72,"column":59}}]},"9":{"loc":{"start":{"line":78,"column":6},"end":{"line":144,"column":null}},"type":"if","locations":[{"start":{"line":78,"column":6},"end":{"line":144,"column":null}},{"start":{"line":108,"column":13},"end":{"line":144,"column":null}}]},"10":{"loc":{"start":{"line":82,"column":8},"end":{"line":92,"column":null}},"type":"if","locations":[{"start":{"line":82,"column":8},"end":{"line":92,"column":null}}]},"11":{"loc":{"start":{"line":83,"column":10},"end":{"line":88,"column":null}},"type":"binary-expr","locations":[{"start":{"line":83,"column":10},"end":{"line":83,"column":13}},{"start":{"line":84,"column":10},"end":{"line":88,"column":null}}]},"12":{"loc":{"start":{"line":94,"column":8},"end":{"line":104,"column":null}},"type":"if","locations":[{"start":{"line":94,"column":8},"end":{"line":104,"column":null}}]},"13":{"loc":{"start":{"line":95,"column":10},"end":{"line":100,"column":null}},"type":"binary-expr","locations":[{"start":{"line":95,"column":10},"end":{"line":95,"column":13}},{"start":{"line":96,"column":10},"end":{"line":100,"column":null}}]},"14":{"loc":{"start":{"line":107,"column":8},"end":{"line":107,"column":60}},"type":"binary-expr","locations":[{"start":{"line":107,"column":8},"end":{"line":107,"column":16}},{"start":{"line":107,"column":20},"end":{"line":107,"column":60}}]},"15":{"loc":{"start":{"line":109,"column":8},"end":{"line":111,"column":null}},"type":"if","locations":[{"start":{"line":109,"column":8},"end":{"line":111,"column":null}}]},"16":{"loc":{"start":{"line":109,"column":12},"end":{"line":109,"column":69}},"type":"binary-expr","locations":[{"start":{"line":109,"column":12},"end":{"line":109,"column":15}},{"start":{"line":109,"column":19},"end":{"line":109,"column":69}}]},"17":{"loc":{"start":{"line":112,"column":8},"end":{"line":114,"column":null}},"type":"if","locations":[{"start":{"line":112,"column":8},"end":{"line":114,"column":null}}]},"18":{"loc":{"start":{"line":112,"column":12},"end":{"line":112,"column":68}},"type":"binary-expr","locations":[{"start":{"line":112,"column":12},"end":{"line":112,"column":15}},{"start":{"line":112,"column":19},"end":{"line":112,"column":68}}]},"19":{"loc":{"start":{"line":116,"column":8},"end":{"line":127,"column":null}},"type":"if","locations":[{"start":{"line":116,"column":8},"end":{"line":127,"column":null}},{"start":{"line":119,"column":15},"end":{"line":127,"column":null}}]},"20":{"loc":{"start":{"line":116,"column":12},"end":{"line":116,"column":34}},"type":"binary-expr","locations":[{"start":{"line":116,"column":12},"end":{"line":116,"column":22}},{"start":{"line":116,"column":26},"end":{"line":116,"column":34}}]},"21":{"loc":{"start":{"line":119,"column":15},"end":{"line":127,"column":null}},"type":"if","locations":[{"start":{"line":119,"column":15},"end":{"line":127,"column":null}},{"start":{"line":124,"column":15},"end":{"line":127,"column":null}}]},"22":{"loc":{"start":{"line":120,"column":10},"end":{"line":121,"column":67}},"type":"binary-expr","locations":[{"start":{"line":120,"column":10},"end":{"line":120,"column":21}},{"start":{"line":121,"column":10},"end":{"line":121,"column":67}}]},"23":{"loc":{"start":{"line":124,"column":15},"end":{"line":127,"column":null}},"type":"if","locations":[{"start":{"line":124,"column":15},"end":{"line":127,"column":null}}]},"24":{"loc":{"start":{"line":131,"column":8},"end":{"line":143,"column":null}},"type":"if","locations":[{"start":{"line":131,"column":8},"end":{"line":143,"column":null}},{"start":{"line":141,"column":15},"end":{"line":143,"column":null}}]},"25":{"loc":{"start":{"line":132,"column":10},"end":{"line":137,"column":null}},"type":"binary-expr","locations":[{"start":{"line":132,"column":10},"end":{"line":132,"column":19}},{"start":{"line":133,"column":10},"end":{"line":137,"column":null}}]},"26":{"loc":{"start":{"line":140,"column":10},"end":{"line":140,"column":56}},"type":"binary-expr","locations":[{"start":{"line":140,"column":10},"end":{"line":140,"column":18}},{"start":{"line":140,"column":22},"end":{"line":140,"column":56}}]},"27":{"loc":{"start":{"line":142,"column":10},"end":{"line":142,"column":60}},"type":"binary-expr","locations":[{"start":{"line":142,"column":10},"end":{"line":142,"column":18}},{"start":{"line":142,"column":22},"end":{"line":142,"column":60}}]},"28":{"loc":{"start":{"line":158,"column":6},"end":{"line":159,"column":65}},"type":"binary-expr","locations":[{"start":{"line":158,"column":6},"end":{"line":158,"column":21}},{"start":{"line":159,"column":6},"end":{"line":159,"column":65}}]},"29":{"loc":{"start":{"line":162,"column":6},"end":{"line":165,"column":40}},"type":"binary-expr","locations":[{"start":{"line":162,"column":7},"end":{"line":162,"column":22}},{"start":{"line":163,"column":8},"end":{"line":163,"column":21}},{"start":{"line":164,"column":8},"end":{"line":164,"column":65}},{"start":{"line":165,"column":7},"end":{"line":165,"column":21}},{"start":{"line":165,"column":25},"end":{"line":165,"column":39}}]},"30":{"loc":{"start":{"line":171,"column":10},"end":{"line":171,"column":71}},"type":"binary-expr","locations":[{"start":{"line":171,"column":10},"end":{"line":171,"column":23}},{"start":{"line":171,"column":27},"end":{"line":171,"column":71}}]},"31":{"loc":{"start":{"line":171,"column":34},"end":{"line":171,"column":70}},"type":"cond-expr","locations":[{"start":{"line":171,"column":42},"end":{"line":171,"column":55}},{"start":{"line":171,"column":58},"end":{"line":171,"column":70}}]},"32":{"loc":{"start":{"line":172,"column":10},"end":{"line":175,"column":30}},"type":"binary-expr","locations":[{"start":{"line":172,"column":11},"end":{"line":172,"column":14}},{"start":{"line":172,"column":18},"end":{"line":172,"column":67}},{"start":{"line":173,"column":13},"end":{"line":173,"column":16}},{"start":{"line":174,"column":14},"end":{"line":174,"column":64}},{"start":{"line":175,"column":14},"end":{"line":175,"column":29}}]},"33":{"loc":{"start":{"line":176,"column":10},"end":{"line":179,"column":24}},"type":"binary-expr","locations":[{"start":{"line":176,"column":10},"end":{"line":176,"column":59}},{"start":{"line":177,"column":12},"end":{"line":177,"column":25}},{"start":{"line":178,"column":12},"end":{"line":178,"column":27}},{"start":{"line":179,"column":12},"end":{"line":179,"column":24}}]},"34":{"loc":{"start":{"line":180,"column":10},"end":{"line":184,"column":60}},"type":"binary-expr","locations":[{"start":{"line":180,"column":10},"end":{"line":180,"column":25}},{"start":{"line":181,"column":12},"end":{"line":181,"column":25}},{"start":{"line":182,"column":12},"end":{"line":182,"column":73}},{"start":{"line":183,"column":12},"end":{"line":183,"column":72}},{"start":{"line":184,"column":13},"end":{"line":184,"column":59}}]},"35":{"loc":{"start":{"line":184,"column":13},"end":{"line":184,"column":59}},"type":"cond-expr","locations":[{"start":{"line":184,"column":25},"end":{"line":184,"column":44}},{"start":{"line":184,"column":47},"end":{"line":184,"column":59}}]},"36":{"loc":{"start":{"line":185,"column":10},"end":{"line":186,"column":66}},"type":"binary-expr","locations":[{"start":{"line":185,"column":10},"end":{"line":185,"column":22}},{"start":{"line":186,"column":13},"end":{"line":186,"column":65}}]},"37":{"loc":{"start":{"line":186,"column":13},"end":{"line":186,"column":65}},"type":"cond-expr","locations":[{"start":{"line":186,"column":25},"end":{"line":186,"column":47}},{"start":{"line":186,"column":50},"end":{"line":186,"column":65}}]},"38":{"loc":{"start":{"line":187,"column":10},"end":{"line":188,"column":70}},"type":"binary-expr","locations":[{"start":{"line":187,"column":10},"end":{"line":187,"column":24}},{"start":{"line":188,"column":13},"end":{"line":188,"column":69}}]},"39":{"loc":{"start":{"line":188,"column":13},"end":{"line":188,"column":69}},"type":"cond-expr","locations":[{"start":{"line":188,"column":25},"end":{"line":188,"column":49}},{"start":{"line":188,"column":52},"end":{"line":188,"column":69}}]},"40":{"loc":{"start":{"line":194,"column":10},"end":{"line":194,"column":74}},"type":"cond-expr","locations":[{"start":{"line":194,"column":62},"end":{"line":194,"column":69}},{"start":{"line":194,"column":72},"end":{"line":194,"column":74}}]},"41":{"loc":{"start":{"line":208,"column":6},"end":{"line":208,"column":51}},"type":"cond-expr","locations":[{"start":{"line":208,"column":46},"end":{"line":208,"column":47}},{"start":{"line":208,"column":50},"end":{"line":208,"column":51}}]},"42":{"loc":{"start":{"line":242,"column":4},"end":{"line":259,"column":null}},"type":"if","locations":[{"start":{"line":242,"column":4},"end":{"line":259,"column":null}}]},"43":{"loc":{"start":{"line":247,"column":12},"end":{"line":247,"column":67}},"type":"binary-expr","locations":[{"start":{"line":247,"column":12},"end":{"line":247,"column":51}},{"start":{"line":247,"column":55},"end":{"line":247,"column":67}}]},"44":{"loc":{"start":{"line":250,"column":25},"end":{"line":250,"column":75}},"type":"binary-expr","locations":[{"start":{"line":250,"column":25},"end":{"line":250,"column":38}},{"start":{"line":250,"column":42},"end":{"line":250,"column":75}}]},"45":{"loc":{"start":{"line":251,"column":29},"end":{"line":251,"column":79}},"type":"binary-expr","locations":[{"start":{"line":251,"column":29},"end":{"line":251,"column":42}},{"start":{"line":251,"column":46},"end":{"line":251,"column":79}}]},"46":{"loc":{"start":{"line":289,"column":8},"end":{"line":289,"column":63}},"type":"binary-expr","locations":[{"start":{"line":289,"column":8},"end":{"line":289,"column":47}},{"start":{"line":289,"column":51},"end":{"line":289,"column":63}}]},"47":{"loc":{"start":{"line":293,"column":8},"end":{"line":293,"column":68}},"type":"binary-expr","locations":[{"start":{"line":293,"column":8},"end":{"line":293,"column":21}},{"start":{"line":293,"column":25},"end":{"line":293,"column":68}}]},"48":{"loc":{"start":{"line":296,"column":8},"end":{"line":296,"column":68}},"type":"binary-expr","locations":[{"start":{"line":296,"column":8},"end":{"line":296,"column":21}},{"start":{"line":296,"column":25},"end":{"line":296,"column":68}}]},"49":{"loc":{"start":{"line":306,"column":28},"end":{"line":306,"column":64}},"type":"binary-expr","locations":[{"start":{"line":306,"column":28},"end":{"line":306,"column":41}},{"start":{"line":306,"column":45},"end":{"line":306,"column":64}}]}},"s":{"0":1,"1":1,"2":1,"3":1,"4":1,"5":1,"6":48,"7":48,"8":48,"9":48,"10":0,"11":0,"12":0,"13":0,"14":0,"15":0,"16":0,"17":0,"18":0,"19":0,"20":0,"21":0,"22":0,"23":0,"24":0,"25":0,"26":0,"27":0,"28":0,"29":0,"30":0,"31":0,"32":0,"33":0,"34":0,"35":0,"36":0,"37":0,"38":0,"39":0,"40":0,"41":0,"42":0,"43":48,"44":1778,"45":3110,"46":1778,"47":1779,"48":1778,"49":48,"50":48,"51":48,"52":48,"53":48,"54":48,"55":48,"56":48,"57":139,"58":139,"59":48,"60":48,"61":48,"62":1478,"63":1478,"64":206,"65":0,"66":0,"67":0,"68":206,"69":206,"70":1478,"71":1478,"72":48,"73":48,"74":48,"75":48,"76":161,"77":48,"78":0,"79":0,"80":0,"81":48,"82":1},"f":{"0":48,"1":0,"2":1778,"3":3110,"4":1779,"5":0,"6":0,"7":0,"8":0,"9":0,"10":0},"b":{"0":[0],"1":[0],"2":[0],"3":[0],"4":[0],"5":[0],"6":[0,0],"7":[0,0],"8":[0,0],"9":[0,0],"10":[0],"11":[0,0],"12":[0],"13":[0,0],"14":[0,0],"15":[0],"16":[0,0],"17":[0],"18":[0,0],"19":[0,0],"20":[0,0],"21":[0,0],"22":[0,0],"23":[0],"24":[0,0],"25":[0,0],"26":[0,0],"27":[0,0],"28":[3110,448],"29":[1779,448,448,1771,1331],"30":[1778,300],"31":[9,291],"32":[1778,0,1778,0,0],"33":[1778,1,1,1],"34":[1778,448,448,279,40],"35":[0,40],"36":[1778,8],"37":[0,8],"38":[1778,8],"39":[0,8],"40":[1,1777],"41":[17,31],"42":[206],"43":[206,0],"44":[0,0],"45":[0,0],"46":[48,0],"47":[0,0],"48":[0,0],"49":[48,14]}}
,"/Users/andriimaglovanyi/Personal/react-ultimate-calendar/src/Components/RangePresets.tsx": {"path":"/Users/andriimaglovanyi/Personal/react-ultimate-calendar/src/Components/RangePresets.tsx","statementMap":{"0":{"start":{"line":1,"column":0},"end":{"line":1,"column":51}},"1":{"start":{"line":2,"column":0},"end":{"line":2,"column":48}},"2":{"start":{"line":13,"column":28},"end":{"line":65,"column":1}},"3":{"start":{"line":22,"column":4},"end":{"line":22,"column":50}},"4":{"start":{"line":23,"column":15},"end":{"line":23,"column":37}},"5":{"start":{"line":25,"column":2},"end":{"line":27,"column":null}},"6":{"start":{"line":26,"column":4},"end":{"line":26,"column":63}},"7":{"start":{"line":29,"column":2},"end":{"line":33,"column":29}},"8":{"start":{"line":30,"column":4},"end":{"line":32,"column":null}},"9":{"start":{"line":31,"column":6},"end":{"line":31,"column":49}},"10":{"start":{"line":35,"column":2},"end":{"line":35,"column":46}},"11":{"start":{"line":37,"column":2},"end":{"line":64,"column":4}},"12":{"start":{"line":40,"column":8},"end":{"line":61,"column":10}},"13":{"start":{"line":45,"column":14},"end":{"line":45,"column":39}},"14":{"start":{"line":46,"column":14},"end":{"line":46,"column":48}},"15":{"start":{"line":47,"column":14},"end":{"line":47,"column":36}},"16":{"start":{"line":50,"column":14},"end":{"line":50,"column":37}},"17":{"start":{"line":53,"column":14},"end":{"line":53,"column":39}},"18":{"start":{"line":54,"column":14},"end":{"line":56,"column":null}},"19":{"start":{"line":55,"column":16},"end":{"line":55,"column":64}},"20":{"start":{"line":13,"column":13},"end":{"line":13,"column":28}}},"fnMap":{"0":{"name":"(anonymous_7)","decl":{"start":{"line":13,"column":28},"end":{"line":13,"column":29}},"loc":{"start":{"line":20,"column":24},"end":{"line":65,"column":1}}},"1":{"name":"(anonymous_8)","decl":{"start":{"line":29,"column":12},"end":{"line":29,"column":15}},"loc":{"start":{"line":29,"column":17},"end":{"line":33,"column":3}}},"2":{"name":"(anonymous_9)","decl":{"start":{"line":39,"column":28},"end":{"line":39,"column":29}},"loc":{"start":{"line":39,"column":47},"end":{"line":62,"column":7}}},"3":{"name":"(anonymous_10)","decl":{"start":{"line":44,"column":21},"end":{"line":44,"column":24}},"loc":{"start":{"line":44,"column":26},"end":{"line":48,"column":13}}},"4":{"name":"(anonymous_11)","decl":{"start":{"line":49,"column":26},"end":{"line":49,"column":29}},"loc":{"start":{"line":49,"column":31},"end":{"line":51,"column":13}}},"5":{"name":"(anonymous_12)","decl":{"start":{"line":52,"column":26},"end":{"line":52,"column":29}},"loc":{"start":{"line":52,"column":31},"end":{"line":57,"column":13}}}},"branchMap":{"0":{"loc":{"start":{"line":25,"column":2},"end":{"line":27,"column":null}},"type":"if","locations":[{"start":{"line":25,"column":2},"end":{"line":27,"column":null}}]},"1":{"loc":{"start":{"line":30,"column":4},"end":{"line":32,"column":null}},"type":"if","locations":[{"start":{"line":30,"column":4},"end":{"line":32,"column":null}}]},"2":{"loc":{"start":{"line":54,"column":14},"end":{"line":56,"column":null}},"type":"if","locations":[{"start":{"line":54,"column":14},"end":{"line":56,"column":null}}]},"3":{"loc":{"start":{"line":54,"column":18},"end":{"line":54,"column":58}},"type":"binary-expr","locations":[{"start":{"line":54,"column":18},"end":{"line":54,"column":36}},{"start":{"line":54,"column":40},"end":{"line":54,"column":58}}]}},"s":{"0":1,"1":1,"2":1,"3":0,"4":0,"5":0,"6":0,"7":0,"8":0,"9":0,"10":0,"11":0,"12":0,"13":0,"14":0,"15":0,"16":0,"17":0,"18":0,"19":0,"20":1},"f":{"0":0,"1":0,"2":0,"3":0,"4":0,"5":0},"b":{"0":[0],"1":[0],"2":[0],"3":[0,0]}}
,"/Users/andriimaglovanyi/Personal/react-ultimate-calendar/src/Components/TimeSelector.tsx": {"path":"/Users/andriimaglovanyi/Personal/react-ultimate-calendar/src/Components/TimeSelector.tsx","statementMap":{"0":{"start":{"line":1,"column":0},"end":{"line":1,"column":41}},"1":{"start":{"line":3,"column":0},"end":{"line":3,"column":31}},"2":{"start":{"line":4,"column":0},"end":{"line":4,"column":48}},"3":{"start":{"line":13,"column":16},"end":{"line":21,"column":1}},"4":{"start":{"line":14,"column":2},"end":{"line":14,"column":20}},"5":{"start":{"line":14,"column":13},"end":{"line":14,"column":20}},"6":{"start":{"line":16,"column":16},"end":{"line":16,"column":56}},"7":{"start":{"line":17,"column":18},"end":{"line":17,"column":60}},"8":{"start":{"line":18,"column":18},"end":{"line":18,"column":60}},"9":{"start":{"line":20,"column":2},"end":{"line":20,"column":42}},"10":{"start":{"line":23,"column":28},"end":{"line":102,"column":1}},"11":{"start":{"line":29,"column":23},"end":{"line":29,"column":60}},"12":{"start":{"line":30,"column":21},"end":{"line":30,"column":58}},"13":{"start":{"line":32,"column":2},"end":{"line":40,"column":15}},"14":{"start":{"line":33,"column":4},"end":{"line":39,"column":null}},"15":{"start":{"line":34,"column":6},"end":{"line":38,"column":null}},"16":{"start":{"line":35,"column":8},"end":{"line":35,"column":36}},"17":{"start":{"line":37,"column":8},"end":{"line":37,"column":38}},"18":{"start":{"line":42,"column":24},"end":{"line":51,"column":3}},"19":{"start":{"line":43,"column":22},"end":{"line":43,"column":49}},"20":{"start":{"line":44,"column":4},"end":{"line":50,"column":null}},"21":{"start":{"line":45,"column":44},"end":{"line":45,"column":76}},"22":{"start":{"line":47,"column":6},"end":{"line":47,"column":54}},"23":{"start":{"line":49,"column":6},"end":{"line":49,"column":35}},"24":{"start":{"line":53,"column":22},"end":{"line":63,"column":3}},"25":{"start":{"line":54,"column":22},"end":{"line":54,"column":47}},"26":{"start":{"line":56,"column":4},"end":{"line":62,"column":null}},"27":{"start":{"line":57,"column":44},"end":{"line":57,"column":76}},"28":{"start":{"line":59,"column":6},"end":{"line":59,"column":52}},"29":{"start":{"line":61,"column":6},"end":{"line":61,"column":39}},"30":{"start":{"line":65,"column":25},"end":{"line":69,"column":3}},"31":{"start":{"line":66,"column":4},"end":{"line":68,"column":null}},"32":{"start":{"line":67,"column":6},"end":{"line":67,"column":22}},"33":{"start":{"line":71,"column":23},"end":{"line":75,"column":3}},"34":{"start":{"line":72,"column":4},"end":{"line":74,"column":null}},"35":{"start":{"line":73,"column":6},"end":{"line":73,"column":20}},"36":{"start":{"line":77,"column":2},"end":{"line":101,"column":4}},"37":{"start":{"line":23,"column":13},"end":{"line":23,"column":28}}},"fnMap":{"0":{"name":"(anonymous_7)","decl":{"start":{"line":13,"column":16},"end":{"line":13,"column":17}},"loc":{"start":{"line":13,"column":38},"end":{"line":21,"column":1}}},"1":{"name":"(anonymous_8)","decl":{"start":{"line":23,"column":28},"end":{"line":23,"column":29}},"loc":{"start":{"line":28,"column":24},"end":{"line":102,"column":1}}},"2":{"name":"(anonymous_9)","decl":{"start":{"line":32,"column":12},"end":{"line":32,"column":15}},"loc":{"start":{"line":32,"column":17},"end":{"line":40,"column":3}}},"3":{"name":"(anonymous_10)","decl":{"start":{"line":42,"column":24},"end":{"line":42,"column":27}},"loc":{"start":{"line":42,"column":29},"end":{"line":51,"column":3}}},"4":{"name":"(anonymous_11)","decl":{"start":{"line":53,"column":22},"end":{"line":53,"column":25}},"loc":{"start":{"line":53,"column":27},"end":{"line":63,"column":3}}},"5":{"name":"(anonymous_12)","decl":{"start":{"line":65,"column":25},"end":{"line":65,"column":26}},"loc":{"start":{"line":65,"column":74},"end":{"line":69,"column":3}}},"6":{"name":"(anonymous_13)","decl":{"start":{"line":71,"column":23},"end":{"line":71,"column":24}},"loc":{"start":{"line":71,"column":72},"end":{"line":75,"column":3}}}},"branchMap":{"0":{"loc":{"start":{"line":14,"column":2},"end":{"line":14,"column":20}},"type":"if","locations":[{"start":{"line":14,"column":2},"end":{"line":14,"column":20}}]},"1":{"loc":{"start":{"line":33,"column":4},"end":{"line":39,"column":null}},"type":"if","locations":[{"start":{"line":33,"column":4},"end":{"line":39,"column":null}}]},"2":{"loc":{"start":{"line":34,"column":6},"end":{"line":38,"column":null}},"type":"if","locations":[{"start":{"line":34,"column":6},"end":{"line":38,"column":null}},{"start":{"line":36,"column":13},"end":{"line":38,"column":null}}]},"3":{"loc":{"start":{"line":44,"column":4},"end":{"line":50,"column":null}},"type":"if","locations":[{"start":{"line":44,"column":4},"end":{"line":50,"column":null}}]},"4":{"loc":{"start":{"line":44,"column":8},"end":{"line":44,"column":44}},"type":"binary-expr","locations":[{"start":{"line":44,"column":8},"end":{"line":44,"column":17}},{"start":{"line":44,"column":21},"end":{"line":44,"column":31}},{"start":{"line":44,"column":35},"end":{"line":44,"column":44}}]},"5":{"loc":{"start":{"line":45,"column":29},"end":{"line":45,"column":40}},"type":"default-arg","locations":[{"start":{"line":45,"column":39},"end":{"line":45,"column":40}}]},"6":{"loc":{"start":{"line":56,"column":4},"end":{"line":62,"column":null}},"type":"if","locations":[{"start":{"line":56,"column":4},"end":{"line":62,"column":null}}]},"7":{"loc":{"start":{"line":56,"column":8},"end":{"line":56,"column":43}},"type":"binary-expr","locations":[{"start":{"line":56,"column":8},"end":{"line":56,"column":17}},{"start":{"line":56,"column":21},"end":{"line":56,"column":31}},{"start":{"line":56,"column":35},"end":{"line":56,"column":43}}]},"8":{"loc":{"start":{"line":57,"column":29},"end":{"line":57,"column":40}},"type":"default-arg","locations":[{"start":{"line":57,"column":39},"end":{"line":57,"column":40}}]},"9":{"loc":{"start":{"line":66,"column":4},"end":{"line":68,"column":null}},"type":"if","locations":[{"start":{"line":66,"column":4},"end":{"line":68,"column":null}}]},"10":{"loc":{"start":{"line":72,"column":4},"end":{"line":74,"column":null}},"type":"if","locations":[{"start":{"line":72,"column":4},"end":{"line":74,"column":null}}]}},"s":{"0":1,"1":1,"2":1,"3":1,"4":0,"5":0,"6":0,"7":0,"8":0,"9":0,"10":1,"11":0,"12":0,"13":0,"14":0,"15":0,"16":0,"17":0,"18":0,"19":0,"20":0,"21":0,"22":0,"23":0,"24":0,"25":0,"26":0,"27":0,"28":0,"29":0,"30":0,"31":0,"32":0,"33":0,"34":0,"35":0,"36":0,"37":1},"f":{"0":0,"1":0,"2":0,"3":0,"4":0,"5":0,"6":0},"b":{"0":[0],"1":[0],"2":[0,0],"3":[0],"4":[0,0,0],"5":[0],"6":[0],"7":[0,0,0],"8":[0],"9":[0],"10":[0]}}
,"/Users/andriimaglovanyi/Personal/react-ultimate-calendar/src/Components/WeekNumbersGrid.tsx": {"path":"/Users/andriimaglovanyi/Personal/react-ultimate-calendar/src/Components/WeekNumbersGrid.tsx","statementMap":{"0":{"start":{"line":1,"column":0},"end":{"line":1,"column":26}},"1":{"start":{"line":3,"column":0},"end":{"line":3,"column":45}},"2":{"start":{"line":5,"column":0},"end":{"line":5,"column":51}},"3":{"start":{"line":7,"column":0},"end":{"line":7,"column":null}},"4":{"start":{"line":31,"column":24},"end":{"line":119,"column":1}},"5":{"start":{"line":45,"column":34},"end":{"line":65,"column":3}},"6":{"start":{"line":49,"column":18},"end":{"line":49,"column":20}},"7":{"start":{"line":50,"column":17},"end":{"line":50,"column":63}},"8":{"start":{"line":52,"column":4},"end":{"line":61,"column":null}},"9":{"start":{"line":53,"column":6},"end":{"line":57,"column":9}},"10":{"start":{"line":59,"column":6},"end":{"line":59,"column":39}},"11":{"start":{"line":64,"column":4},"end":{"line":64,"column":17}},"12":{"start":{"line":67,"column":21},"end":{"line":74,"column":3}},"13":{"start":{"line":68,"column":4},"end":{"line":73,"column":6}},"14":{"start":{"line":76,"column":18},"end":{"line":79,"column":3}},"15":{"start":{"line":77,"column":4},"end":{"line":77,"column":25}},"16":{"start":{"line":78,"column":4},"end":{"line":78,"column":45}},"17":{"start":{"line":82,"column":2},"end":{"line":118,"column":4}},"18":{"start":{"line":84,"column":6},"end":{"line":115,"column":null}},"19":{"start":{"line":107,"column":23},"end":{"line":107,"column":56}},"20":{"start":{"line":108,"column":27},"end":{"line":108,"column":60}},"21":{"start":{"line":109,"column":28},"end":{"line":109,"column":46}},"22":{"start":{"line":110,"column":23},"end":{"line":110,"column":50}},"23":{"start":{"line":111,"column":25},"end":{"line":111,"column":52}},"24":{"start":{"line":121,"column":0},"end":{"line":121,"column":31}}},"fnMap":{"0":{"name":"(anonymous_1)","decl":{"start":{"line":31,"column":24},"end":{"line":31,"column":25}},"loc":{"start":{"line":44,"column":27},"end":{"line":119,"column":1}}},"1":{"name":"(anonymous_2)","decl":{"start":{"line":45,"column":34},"end":{"line":45,"column":null}},"loc":{"start":{"line":48,"column":6},"end":{"line":65,"column":3}}},"2":{"name":"(anonymous_3)","decl":{"start":{"line":67,"column":21},"end":{"line":67,"column":22}},"loc":{"start":{"line":67,"column":48},"end":{"line":74,"column":3}}},"3":{"name":"(anonymous_4)","decl":{"start":{"line":76,"column":18},"end":{"line":76,"column":19}},"loc":{"start":{"line":76,"column":61},"end":{"line":79,"column":3}}},"4":{"name":"(anonymous_5)","decl":{"start":{"line":83,"column":4},"end":{"line":83,"column":5}},"loc":{"start":{"line":84,"column":6},"end":{"line":115,"column":null}}},"5":{"name":"(anonymous_6)","decl":{"start":{"line":107,"column":17},"end":{"line":107,"column":20}},"loc":{"start":{"line":107,"column":23},"end":{"line":107,"column":56}}},"6":{"name":"(anonymous_7)","decl":{"start":{"line":108,"column":21},"end":{"line":108,"column":24}},"loc":{"start":{"line":108,"column":27},"end":{"line":108,"column":60}}},"7":{"name":"(anonymous_8)","decl":{"start":{"line":109,"column":22},"end":{"line":109,"column":25}},"loc":{"start":{"line":109,"column":28},"end":{"line":109,"column":46}}},"8":{"name":"(anonymous_9)","decl":{"start":{"line":110,"column":17},"end":{"line":110,"column":20}},"loc":{"start":{"line":110,"column":23},"end":{"line":110,"column":50}}},"9":{"name":"(anonymous_10)","decl":{"start":{"line":111,"column":19},"end":{"line":111,"column":22}},"loc":{"start":{"line":111,"column":25},"end":{"line":111,"column":52}}}},"branchMap":{"0":{"loc":{"start":{"line":47,"column":4},"end":{"line":47,"column":40}},"type":"default-arg","locations":[{"start":{"line":47,"column":16},"end":{"line":47,"column":40}}]},"1":{"loc":{"start":{"line":69,"column":6},"end":{"line":72,"column":42}},"type":"binary-expr","locations":[{"start":{"line":69,"column":6},"end":{"line":69,"column":16}},{"start":{"line":70,"column":6},"end":{"line":70,"column":14}},{"start":{"line":71,"column":6},"end":{"line":71,"column":46}},{"start":{"line":72,"column":6},"end":{"line":72,"column":42}}]},"2":{"loc":{"start":{"line":78,"column":4},"end":{"line":78,"column":44}},"type":"binary-expr","locations":[{"start":{"line":78,"column":4},"end":{"line":78,"column":12}},{"start":{"line":78,"column":16},"end":{"line":78,"column":44}}]},"3":{"loc":{"start":{"line":87,"column":10},"end":{"line":87,"column":46}},"type":"binary-expr","locations":[{"start":{"line":87,"column":10},"end":{"line":87,"column":23}},{"start":{"line":87,"column":27},"end":{"line":87,"column":46}}]},"4":{"loc":{"start":{"line":88,"column":10},"end":{"line":102,"column":27}},"type":"binary-expr","locations":[{"start":{"line":88,"column":12},"end":{"line":88,"column":15}},{"start":{"line":89,"column":12},"end":{"line":93,"column":null}},{"start":{"line":95,"column":13},"end":{"line":95,"column":16}},{"start":{"line":96,"column":14},"end":{"line":100,"column":null}},{"start":{"line":102,"column":12},"end":{"line":102,"column":27}}]},"5":{"loc":{"start":{"line":103,"column":10},"end":{"line":103,"column":59}},"type":"binary-expr","locations":[{"start":{"line":103,"column":10},"end":{"line":103,"column":43}},{"start":{"line":103,"column":47},"end":{"line":103,"column":59}}]},"6":{"loc":{"start":{"line":104,"column":10},"end":{"line":104,"column":51}},"type":"binary-expr","locations":[{"start":{"line":104,"column":10},"end":{"line":104,"column":32}},{"start":{"line":104,"column":36},"end":{"line":104,"column":51}}]}},"s":{"0":1,"1":1,"2":1,"3":1,"4":1,"5":46,"6":46,"7":46,"8":46,"9":244,"10":244,"11":46,"12":46,"13":244,"14":46,"15":6,"16":6,"17":46,"18":244,"19":0,"20":0,"21":0,"22":6,"23":0,"24":1},"f":{"0":46,"1":46,"2":244,"3":6,"4":244,"5":0,"6":0,"7":0,"8":6,"9":0},"b":{"0":[0],"1":[244,64,64,8],"2":[6,6],"3":[244,75],"4":[244,0,244,0,0],"5":[244,0],"6":[244,8]}}
,"/Users/andriimaglovanyi/Personal/react-ultimate-calendar/src/Utils/ClassNames.ts": {"path":"/Users/andriimaglovanyi/Personal/react-ultimate-calendar/src/Utils/ClassNames.ts","statementMap":{"0":{"start":{"line":1,"column":0},"end":{"line":5,"column":12}},"1":{"start":{"line":2,"column":2},"end":{"line":5,"column":11}},"2":{"start":{"line":3,"column":20},"end":{"line":3,"column":26}}},"fnMap":{"0":{"name":"(anonymous_0)","decl":{"start":{"line":1,"column":15},"end":{"line":1,"column":16}},"loc":{"start":{"line":2,"column":2},"end":{"line":5,"column":11}}},"1":{"name":"(anonymous_1)","decl":{"start":{"line":3,"column":12},"end":{"line":3,"column":16}},"loc":{"start":{"line":3,"column":20},"end":{"line":3,"column":26}}}},"branchMap":{},"s":{"0":1,"1":2418,"2":14457},"f":{"0":2418,"1":14457},"b":{}}
,"/Users/andriimaglovanyi/Personal/react-ultimate-calendar/src/Utils/Date.ts": {"path":"/Users/andriimaglovanyi/Personal/react-ultimate-calendar/src/Utils/Date.ts","statementMap":{"0":{"start":{"line":1,"column":0},"end":{"line":1,"column":null}},"1":{"start":{"line":9,"column":16},"end":{"line":11,"column":1}},"2":{"start":{"line":10,"column":2},"end":{"line":10,"column":34}},"3":{"start":{"line":13,"column":28},"end":{"line":21,"column":1}},"4":{"start":{"line":14,"column":15},"end":{"line":14,"column":29}},"5":{"start":{"line":15,"column":14},"end":{"line":15,"column":27}},"6":{"start":{"line":16,"column":15},"end":{"line":16,"column":71}},"7":{"start":{"line":18,"column":2},"end":{"line":18,"column":38}},"8":{"start":{"line":19,"column":2},"end":{"line":19,"column":33}},"9":{"start":{"line":20,"column":2},"end":{"line":20,"column":14}},"10":{"start":{"line":13,"column":13},"end":{"line":13,"column":28}},"11":{"start":{"line":23,"column":30},"end":{"line":32,"column":1}},"12":{"start":{"line":24,"column":15},"end":{"line":24,"column":29}},"13":{"start":{"line":25,"column":14},"end":{"line":25,"column":27}},"14":{"start":{"line":26,"column":15},"end":{"line":26,"column":64}},"15":{"start":{"line":28,"column":2},"end":{"line":28,"column":38}},"16":{"start":{"line":29,"column":2},"end":{"line":29,"column":28}},"17":{"start":{"line":31,"column":2},"end":{"line":31,"column":14}},"18":{"start":{"line":23,"column":13},"end":{"line":23,"column":30}},"19":{"start":{"line":34,"column":44},"end":{"line":43,"column":1}},"20":{"start":{"line":38,"column":15},"end":{"line":38,"column":29}},"21":{"start":{"line":39,"column":2},"end":{"line":39,"column":20}},"22":{"start":{"line":40,"column":2},"end":{"line":40,"column":52}},"23":{"start":{"line":42,"column":2},"end":{"line":42,"column":44}},"24":{"start":{"line":34,"column":13},"end":{"line":34,"column":44}},"25":{"start":{"line":55,"column":33},"end":{"line":59,"column":1}},"26":{"start":{"line":56,"column":22},"end":{"line":56,"column":39}},"27":{"start":{"line":58,"column":2},"end":{"line":58,"column":82}},"28":{"start":{"line":55,"column":13},"end":{"line":55,"column":33}},"29":{"start":{"line":70,"column":34},"end":{"line":86,"column":1}},"30":{"start":{"line":75,"column":15},"end":{"line":75,"column":25}},"31":{"start":{"line":76,"column":2},"end":{"line":76,"column":25}},"32":{"start":{"line":78,"column":20},"end":{"line":78,"column":68}},"33":{"start":{"line":79,"column":2},"end":{"line":79,"column":64}},"34":{"start":{"line":81,"column":18},"end":{"line":81,"column":47}},"35":{"start":{"line":82,"column":2},"end":{"line":82,"column":41}},"36":{"start":{"line":83,"column":2},"end":{"line":83,"column":36}},"37":{"start":{"line":85,"column":2},"end":{"line":85,"column":30}},"38":{"start":{"line":70,"column":13},"end":{"line":70,"column":34}},"39":{"start":{"line":88,"column":29},"end":{"line":120,"column":1}},"40":{"start":{"line":89,"column":15},"end":{"line":89,"column":29}},"41":{"start":{"line":91,"column":22},"end":{"line":91,"column":56}},"42":{"start":{"line":92,"column":20},"end":{"line":92,"column":52}},"43":{"start":{"line":93,"column":34},"end":{"line":95,"column":null}},"44":{"start":{"line":98,"column":2},"end":{"line":104,"column":null}},"45":{"start":{"line":99,"column":4},"end":{"line":99,"column":37}},"46":{"start":{"line":100,"column":4},"end":{"line":103,"column":6}},"47":{"start":{"line":106,"column":2},"end":{"line":112,"column":null}},"48":{"start":{"line":111,"column":4},"end":{"line":111,"column":13}},"49":{"start":{"line":114,"column":15},"end":{"line":114,"column":74}},"50":{"start":{"line":119,"column":2},"end":{"line":119,"column":53}},"51":{"start":{"line":88,"column":13},"end":{"line":88,"column":29}},"52":{"start":{"line":122,"column":27},"end":{"line":133,"column":1}},"53":{"start":{"line":123,"column":14},"end":{"line":123,"column":24}},"54":{"start":{"line":124,"column":21},"end":{"line":124,"column":23}},"55":{"start":{"line":125,"column":15},"end":{"line":125,"column":61}},"56":{"start":{"line":126,"column":20},"end":{"line":126,"column":64}},"57":{"start":{"line":127,"column":2},"end":{"line":130,"column":null}},"58":{"start":{"line":128,"column":4},"end":{"line":128,"column":71}},"59":{"start":{"line":129,"column":4},"end":{"line":129,"column":37}},"60":{"start":{"line":132,"column":2},"end":{"line":132,"column":20}},"61":{"start":{"line":122,"column":13},"end":{"line":122,"column":27}},"62":{"start":{"line":135,"column":28},"end":{"line":140,"column":1}},"63":{"start":{"line":136,"column":15},"end":{"line":136,"column":25}},"64":{"start":{"line":137,"column":2},"end":{"line":137,"column":23}},"65":{"start":{"line":139,"column":2},"end":{"line":139,"column":56}},"66":{"start":{"line":135,"column":13},"end":{"line":135,"column":28}},"67":{"start":{"line":145,"column":30},"end":{"line":156,"column":1}},"68":{"start":{"line":146,"column":15},"end":{"line":146,"column":29}},"69":{"start":{"line":148,"column":2},"end":{"line":154,"column":null}},"70":{"start":{"line":153,"column":4},"end":{"line":153,"column":14}},"71":{"start":{"line":155,"column":2},"end":{"line":155,"column":41}},"72":{"start":{"line":145,"column":13},"end":{"line":145,"column":30}},"73":{"start":{"line":158,"column":27},"end":{"line":166,"column":1}},"74":{"start":{"line":159,"column":2},"end":{"line":159,"column":26}},"75":{"start":{"line":159,"column":13},"end":{"line":159,"column":26}},"76":{"start":{"line":160,"column":2},"end":{"line":165,"column":4}},"77":{"start":{"line":158,"column":13},"end":{"line":158,"column":27}},"78":{"start":{"line":168,"column":28},"end":{"line":176,"column":1}},"79":{"start":{"line":169,"column":2},"end":{"line":169,"column":26}},"80":{"start":{"line":169,"column":13},"end":{"line":169,"column":26}},"81":{"start":{"line":170,"column":2},"end":{"line":175,"column":4}},"82":{"start":{"line":168,"column":13},"end":{"line":168,"column":28}},"83":{"start":{"line":178,"column":25},"end":{"line":185,"column":1}},"84":{"start":{"line":179,"column":2},"end":{"line":179,"column":26}},"85":{"start":{"line":179,"column":13},"end":{"line":179,"column":26}},"86":{"start":{"line":180,"column":2},"end":{"line":184,"column":4}},"87":{"start":{"line":178,"column":13},"end":{"line":178,"column":25}}},"fnMap":{"0":{"name":"(anonymous_0)","decl":{"start":{"line":9,"column":16},"end":{"line":9,"column":17}},"loc":{"start":{"line":9,"column":31},"end":{"line":11,"column":1}}},"1":{"name":"(anonymous_1)","decl":{"start":{"line":13,"column":28},"end":{"line":13,"column":29}},"loc":{"start":{"line":13,"column":75},"end":{"line":21,"column":1}}},"2":{"name":"(anonymous_2)","decl":{"start":{"line":23,"column":30},"end":{"line":23,"column":31}},"loc":{"start":{"line":23,"column":77},"end":{"line":32,"column":1}}},"3":{"name":"(anonymous_3)","decl":{"start":{"line":34,"column":44},"end":{"line":34,"column":null}},"loc":{"start":{"line":37,"column":4},"end":{"line":43,"column":1}}},"4":{"name":"(anonymous_4)","decl":{"start":{"line":55,"column":33},"end":{"line":55,"column":34}},"loc":{"start":{"line":55,"column":52},"end":{"line":59,"column":1}}},"5":{"name":"(anonymous_5)","decl":{"start":{"line":70,"column":34},"end":{"line":70,"column":null}},"loc":{"start":{"line":74,"column":4},"end":{"line":86,"column":1}}},"6":{"name":"(anonymous_6)","decl":{"start":{"line":88,"column":29},"end":{"line":88,"column":30}},"loc":{"start":{"line":88,"column":76},"end":{"line":120,"column":1}}},"7":{"name":"(anonymous_7)","decl":{"start":{"line":122,"column":27},"end":{"line":122,"column":28}},"loc":{"start":{"line":122,"column":46},"end":{"line":133,"column":1}}},"8":{"name":"(anonymous_8)","decl":{"start":{"line":135,"column":28},"end":{"line":135,"column":29}},"loc":{"start":{"line":135,"column":62},"end":{"line":140,"column":1}}},"9":{"name":"(anonymous_9)","decl":{"start":{"line":145,"column":30},"end":{"line":145,"column":31}},"loc":{"start":{"line":145,"column":46},"end":{"line":156,"column":1}}},"10":{"name":"(anonymous_10)","decl":{"start":{"line":158,"column":27},"end":{"line":158,"column":28}},"loc":{"start":{"line":158,"column":91},"end":{"line":166,"column":1}}},"11":{"name":"(anonymous_11)","decl":{"start":{"line":168,"column":28},"end":{"line":168,"column":29}},"loc":{"start":{"line":168,"column":92},"end":{"line":176,"column":1}}},"12":{"name":"(anonymous_12)","decl":{"start":{"line":178,"column":25},"end":{"line":178,"column":26}},"loc":{"start":{"line":178,"column":88},"end":{"line":185,"column":1}}}},"branchMap":{"0":{"loc":{"start":{"line":13,"column":42},"end":{"line":13,"column":71}},"type":"default-arg","locations":[{"start":{"line":13,"column":57},"end":{"line":13,"column":71}}]},"1":{"loc":{"start":{"line":16,"column":16},"end":{"line":16,"column":43}},"type":"cond-expr","locations":[{"start":{"line":16,"column":37},"end":{"line":16,"column":39}},{"start":{"line":16,"column":42},"end":{"line":16,"column":43}}]},"2":{"loc":{"start":{"line":23,"column":44},"end":{"line":23,"column":73}},"type":"default-arg","locations":[{"start":{"line":23,"column":59},"end":{"line":23,"column":73}}]},"3":{"loc":{"start":{"line":26,"column":16},"end":{"line":26,"column":42}},"type":"cond-expr","locations":[{"start":{"line":26,"column":37},"end":{"line":26,"column":38}},{"start":{"line":26,"column":41},"end":{"line":26,"column":42}}]},"4":{"loc":{"start":{"line":36,"column":2},"end":{"line":36,"column":31}},"type":"default-arg","locations":[{"start":{"line":36,"column":17},"end":{"line":36,"column":31}}]},"5":{"loc":{"start":{"line":58,"column":9},"end":{"line":58,"column":81}},"type":"binary-expr","locations":[{"start":{"line":58,"column":9},"end":{"line":58,"column":63}},{"start":{"line":58,"column":67},"end":{"line":58,"column":81}}]},"6":{"loc":{"start":{"line":73,"column":2},"end":{"line":73,"column":31}},"type":"default-arg","locations":[{"start":{"line":73,"column":17},"end":{"line":73,"column":31}}]},"7":{"loc":{"start":{"line":88,"column":43},"end":{"line":88,"column":72}},"type":"default-arg","locations":[{"start":{"line":88,"column":58},"end":{"line":88,"column":72}}]},"8":{"loc":{"start":{"line":98,"column":2},"end":{"line":104,"column":null}},"type":"if","locations":[{"start":{"line":98,"column":2},"end":{"line":104,"column":null}}]},"9":{"loc":{"start":{"line":106,"column":2},"end":{"line":112,"column":null}},"type":"if","locations":[{"start":{"line":106,"column":2},"end":{"line":112,"column":null}}]},"10":{"loc":{"start":{"line":107,"column":4},"end":{"line":109,"column":69}},"type":"binary-expr","locations":[{"start":{"line":107,"column":4},"end":{"line":107,"column":55}},{"start":{"line":108,"column":4},"end":{"line":109,"column":69}}]},"11":{"loc":{"start":{"line":148,"column":2},"end":{"line":154,"column":null}},"type":"if","locations":[{"start":{"line":148,"column":2},"end":{"line":154,"column":null}}]},"12":{"loc":{"start":{"line":149,"column":4},"end":{"line":151,"column":64}},"type":"binary-expr","locations":[{"start":{"line":149,"column":4},"end":{"line":149,"column":25}},{"start":{"line":150,"column":4},"end":{"line":150,"column":32}},{"start":{"line":151,"column":5},"end":{"line":151,"column":29}},{"start":{"line":151,"column":33},"end":{"line":151,"column":63}}]},"13":{"loc":{"start":{"line":159,"column":2},"end":{"line":159,"column":26}},"type":"if","locations":[{"start":{"line":159,"column":2},"end":{"line":159,"column":26}}]},"14":{"loc":{"start":{"line":161,"column":4},"end":{"line":164,"column":61}},"type":"binary-expr","locations":[{"start":{"line":161,"column":4},"end":{"line":161,"column":29}},{"start":{"line":162,"column":5},"end":{"line":162,"column":32}},{"start":{"line":163,"column":7},"end":{"line":163,"column":30}},{"start":{"line":164,"column":9},"end":{"line":164,"column":34}},{"start":{"line":164,"column":38},"end":{"line":164,"column":58}}]},"15":{"loc":{"start":{"line":169,"column":2},"end":{"line":169,"column":26}},"type":"if","locations":[{"start":{"line":169,"column":2},"end":{"line":169,"column":26}}]},"16":{"loc":{"start":{"line":171,"column":4},"end":{"line":174,"column":61}},"type":"binary-expr","locations":[{"start":{"line":171,"column":4},"end":{"line":171,"column":29}},{"start":{"line":172,"column":5},"end":{"line":172,"column":32}},{"start":{"line":173,"column":7},"end":{"line":173,"column":30}},{"start":{"line":174,"column":9},"end":{"line":174,"column":34}},{"start":{"line":174,"column":38},"end":{"line":174,"column":58}}]},"17":{"loc":{"start":{"line":179,"column":2},"end":{"line":179,"column":26}},"type":"if","locations":[{"start":{"line":179,"column":2},"end":{"line":179,"column":26}}]},"18":{"loc":{"start":{"line":181,"column":4},"end":{"line":183,"column":31}},"type":"binary-expr","locations":[{"start":{"line":181,"column":4},"end":{"line":181,"column":26}},{"start":{"line":182,"column":4},"end":{"line":182,"column":29}},{"start":{"line":183,"column":4},"end":{"line":183,"column":31}}]}},"s":{"0":2,"1":2,"2":2311,"3":2,"4":554,"5":554,"6":554,"7":554,"8":554,"9":554,"10":2,"11":2,"12":1101,"13":1101,"14":1101,"15":1101,"16":1101,"17":1101,"18":2,"19":2,"20":303,"21":303,"22":303,"23":303,"24":2,"25":2,"26":1179,"27":1179,"28":2,"29":2,"30":9,"31":9,"32":9,"33":9,"34":9,"35":9,"36":9,"37":9,"38":2,"39":2,"40":257,"41":257,"42":257,"43":257,"44":257,"45":5,"46":5,"47":257,"48":24,"49":233,"50":233,"51":2,"52":2,"53":48,"54":48,"55":48,"56":48,"57":48,"58":336,"59":336,"60":48,"61":2,"62":2,"63":48,"64":48,"65":48,"66":2,"67":2,"68":96,"69":96,"70":0,"71":96,"72":2,"73":2,"74":448,"75":0,"76":448,"77":2,"78":2,"79":279,"80":0,"81":279,"82":2,"83":2,"84":4452,"85":0,"86":4452,"87":2},"f":{"0":2311,"1":554,"2":1101,"3":303,"4":1179,"5":9,"6":257,"7":48,"8":48,"9":96,"10":448,"11":279,"12":4452},"b":{"0":[3],"1":[198,356],"2":[3],"3":[348,753],"4":[0],"5":[1179,1],"6":[3],"7":[5],"8":[5],"9":[24],"10":[257,32],"11":[0],"12":[96,0,0,0],"13":[0],"14":[448,430,430,203,185],"15":[0],"16":[279,276,267,265,120],"17":[0],"18":[4452,131,24]}}
,"/Users/andriimaglovanyi/Personal/react-ultimate-calendar/src/Utils/Dom.ts": {"path":"/Users/andriimaglovanyi/Personal/react-ultimate-calendar/src/Utils/Dom.ts","statementMap":{"0":{"start":{"line":7,"column":11},"end":{"line":7,"column":27}},"1":{"start":{"line":8,"column":22},"end":{"line":8,"column":77}},"2":{"start":{"line":8,"column":45},"end":{"line":8,"column":77}},"3":{"start":{"line":10,"column":2},"end":{"line":18,"column":null}},"4":{"start":{"line":11,"column":4},"end":{"line":13,"column":null}},"5":{"start":{"line":12,"column":6},"end":{"line":12,"column":28}},"6":{"start":{"line":15,"column":4},"end":{"line":17,"column":null}},"7":{"start":{"line":16,"column":6},"end":{"line":16,"column":28}},"8":{"start":{"line":19,"column":2},"end":{"line":19,"column":20}},"9":{"start":{"line":3,"column":0},"end":{"line":3,"column":24}}},"fnMap":{"0":{"name":"findClosestElementWithClass","decl":{"start":{"line":3,"column":24},"end":{"line":3,"column":51}},"loc":{"start":{"line":5,"column":30},"end":{"line":20,"column":1}}},"1":{"name":"(anonymous_1)","decl":{"start":{"line":8,"column":22},"end":{"line":8,"column":23}},"loc":{"start":{"line":8,"column":45},"end":{"line":8,"column":77}}}},"branchMap":{"0":{"loc":{"start":{"line":10,"column":2},"end":{"line":18,"column":null}},"type":"if","locations":[{"start":{"line":10,"column":2},"end":{"line":18,"column":null}},{"start":{"line":14,"column":9},"end":{"line":18,"column":null}}]},"1":{"loc":{"start":{"line":11,"column":11},"end":{"line":11,"column":65}},"type":"binary-expr","locations":[{"start":{"line":11,"column":11},"end":{"line":11,"column":13}},{"start":{"line":11,"column":17},"end":{"line":11,"column":45}},{"start":{"line":11,"column":49},"end":{"line":11,"column":65}}]},"2":{"loc":{"start":{"line":15,"column":11},"end":{"line":15,"column":60}},"type":"binary-expr","locations":[{"start":{"line":15,"column":11},"end":{"line":15,"column":13}},{"start":{"line":15,"column":17},"end":{"line":15,"column":40}},{"start":{"line":15,"column":44},"end":{"line":15,"column":60}}]},"3":{"loc":{"start":{"line":19,"column":9},"end":{"line":19,"column":19}},"type":"binary-expr","locations":[{"start":{"line":19,"column":9},"end":{"line":19,"column":11}},{"start":{"line":19,"column":15},"end":{"line":19,"column":19}}]}},"s":{"0":0,"1":0,"2":0,"3":0,"4":0,"5":0,"6":0,"7":0,"8":0,"9":1},"f":{"0":0,"1":0},"b":{"0":[0,0],"1":[0,0,0],"2":[0,0,0],"3":[0,0]}}
}
