TN:
SF:setup-mocks.js
FN:4,(anonymous_0)
FN:17,(anonymous_1)
FN:23,(anonymous_2)
FN:25,(anonymous_3)
FNF:4
FNH:1
FNDA:2,(anonymous_0)
FNDA:0,(anonymous_1)
FNDA:0,(anonymous_2)
FNDA:0,(anonymous_3)
DA:1,2
DA:2,2
DA:4,2
DA:5,2
DA:7,2
DA:15,2
DA:21,2
DA:23,0
DA:26,0
DA:27,0
DA:28,0
DA:29,0
DA:36,2
LF:13
LH:8
BRF:0
BRH:0
end_of_record
TN:
SF:src/Constants.ts
FNF:0
FNH:0
DA:2,2
DA:6,2
DA:13,2
DA:15,2
DA:168,2
LF:5
LH:5
BRF:0
BRH:0
end_of_record
TN:
SF:src/Components/Calendar.tsx
FN:37,(anonymous_7)
FN:79,(anonymous_8)
FN:91,(anonymous_9)
FN:96,(anonymous_10)
FN:119,(anonymous_11)
FN:127,(anonymous_12)
FN:135,(anonymous_13)
FN:143,(anonymous_14)
FN:174,(anonymous_15)
FN:181,(anonymous_16)
FN:185,(anonymous_17)
FN:252,(anonymous_18)
FN:257,(anonymous_19)
FNF:13
FNH:6
FNDA:47,(anonymous_7)
FNDA:0,(anonymous_8)
FNDA:0,(anonymous_9)
FNDA:6,(anonymous_10)
FNDA:6,(anonymous_11)
FNDA:0,(anonymous_12)
FNDA:0,(anonymous_13)
FNDA:0,(anonymous_14)
FNDA:48,(anonymous_15)
FNDA:48,(anonymous_16)
FNDA:336,(anonymous_17)
FNDA:0,(anonymous_18)
FNDA:0,(anonymous_19)
DA:1,1
DA:3,1
DA:4,1
DA:5,1
DA:7,1
DA:9,1
DA:16,1
DA:17,1
DA:18,1
DA:37,1
DA:53,47
DA:57,47
DA:66,0
DA:71,47
DA:72,47
DA:73,47
DA:74,47
DA:75,47
DA:76,47
DA:77,47
DA:79,47
DA:84,0
DA:85,0
DA:87,0
DA:91,47
DA:92,0
DA:93,0
DA:96,47
DA:97,6
DA:98,0
DA:101,6
DA:112,0
DA:115,6
DA:116,6
DA:119,47
DA:120,6
DA:121,6
DA:122,6
DA:123,6
DA:124,6
DA:127,47
DA:128,0
DA:129,0
DA:130,0
DA:131,0
DA:132,0
DA:135,47
DA:136,0
DA:137,0
DA:138,0
DA:139,0
DA:140,0
DA:143,47
DA:144,0
DA:145,0
DA:146,0
DA:147,0
DA:148,0
DA:151,47
DA:161,47
DA:175,48
DA:182,48
DA:186,336
DA:253,0
DA:254,0
DA:255,0
DA:258,0
DA:259,0
DA:271,1
LF:69
LH:41
BRDA:39,0,0,19
BRDA:40,1,0,47
BRDA:41,2,0,47
BRDA:42,3,0,1
BRDA:43,4,0,46
BRDA:44,5,0,47
BRDA:50,6,0,1
BRDA:51,7,0,47
BRDA:53,8,0,0
BRDA:53,8,1,47
BRDA:54,9,0,0
BRDA:54,9,1,0
BRDA:55,10,0,47
BRDA:55,10,1,47
BRDA:57,11,0,0
BRDA:58,12,0,47
BRDA:58,12,1,0
BRDA:84,13,0,0
BRDA:84,13,1,0
BRDA:97,14,0,0
BRDA:101,15,0,0
BRDA:102,16,0,6
BRDA:102,16,1,0
BRDA:102,16,2,6
BRDA:102,16,3,0
BRDA:151,17,0,1
BRDA:151,17,1,46
BRDA:155,18,0,0
BRDA:155,18,1,1
BRDA:156,19,0,0
BRDA:156,19,1,1
BRDA:163,20,0,47
BRDA:163,20,1,0
BRDA:212,21,0,48
BRDA:212,21,1,46
BRDA:240,22,0,0
BRDA:240,22,1,47
BRDA:249,23,0,0
BRDA:249,23,1,47
BRDA:253,24,0,0
BRDA:253,24,1,0
BRF:41
BRH:23
end_of_record
TN:
SF:src/Components/DateNavigation.tsx
FN:15,(anonymous_1)
FNF:1
FNH:1
FNDA:47,(anonymous_1)
DA:1,1
DA:3,1
DA:4,1
DA:15,1
DA:23,47
DA:72,1
LF:6
LH:6
BRF:0
BRH:0
end_of_record
TN:
SF:src/Components/MonthDaysGrid.tsx
FN:38,(anonymous_1)
FN:61,(anonymous_2)
FN:148,(anonymous_3)
FN:157,(anonymous_4)
FN:161,(anonymous_5)
FN:250,(anonymous_6)
FN:251,(anonymous_7)
FN:252,(anonymous_8)
FN:292,(anonymous_9)
FN:295,(anonymous_10)
FN:298,(anonymous_11)
FNF:11
FNH:4
FNDA:48,(anonymous_1)
FNDA:0,(anonymous_2)
FNDA:1778,(anonymous_3)
FNDA:3110,(anonymous_4)
FNDA:1779,(anonymous_5)
FNDA:0,(anonymous_6)
FNDA:0,(anonymous_7)
FNDA:0,(anonymous_8)
FNDA:0,(anonymous_9)
FNDA:0,(anonymous_10)
FNDA:0,(anonymous_11)
DA:1,1
DA:3,1
DA:5,1
DA:16,1
DA:17,1
DA:38,1
DA:56,48
DA:58,48
DA:59,48
DA:61,48
DA:64,0
DA:69,0
DA:70,0
DA:71,0
DA:72,0
DA:73,0
DA:74,0
DA:76,0
DA:77,0
DA:78,0
DA:79,0
DA:80,0
DA:82,0
DA:91,0
DA:94,0
DA:103,0
DA:106,0
DA:107,0
DA:109,0
DA:110,0
DA:112,0
DA:113,0
DA:116,0
DA:117,0
DA:118,0
DA:119,0
DA:123,0
DA:124,0
DA:125,0
DA:126,0
DA:131,0
DA:140,0
DA:142,0
DA:148,48
DA:157,1778
DA:158,3110
DA:161,1778
DA:162,1779
DA:167,1778
DA:203,48
DA:205,48
DA:208,48
DA:213,48
DA:214,48
DA:216,48
DA:217,48
DA:221,139
DA:231,139
DA:234,48
DA:235,48
DA:240,1478
DA:242,1478
DA:243,206
DA:250,0
DA:251,0
DA:252,0
DA:257,206
DA:258,206
DA:261,1478
DA:265,1478
DA:269,48
DA:270,48
DA:272,48
DA:273,161
DA:285,48
DA:293,0
DA:296,0
DA:298,0
DA:304,48
DA:318,1
LF:80
LH:41
BRDA:39,0,0,0
BRDA:40,1,0,0
BRDA:43,2,0,0
BRDA:53,3,0,0
BRDA:54,4,0,0
BRDA:69,5,0,0
BRDA:70,6,0,0
BRDA:70,6,1,0
BRDA:71,7,0,0
BRDA:71,7,1,0
BRDA:72,8,0,0
BRDA:72,8,1,0
BRDA:78,9,0,0
BRDA:78,9,1,0
BRDA:82,10,0,0
BRDA:83,11,0,0
BRDA:83,11,1,0
BRDA:94,12,0,0
BRDA:95,13,0,0
BRDA:95,13,1,0
BRDA:107,14,0,0
BRDA:107,14,1,0
BRDA:109,15,0,0
BRDA:109,16,0,0
BRDA:109,16,1,0
BRDA:112,17,0,0
BRDA:112,18,0,0
BRDA:112,18,1,0
BRDA:116,19,0,0
BRDA:116,19,1,0
BRDA:116,20,0,0
BRDA:116,20,1,0
BRDA:119,21,0,0
BRDA:119,21,1,0
BRDA:120,22,0,0
BRDA:120,22,1,0
BRDA:124,23,0,0
BRDA:131,24,0,0
BRDA:131,24,1,0
BRDA:132,25,0,0
BRDA:132,25,1,0
BRDA:140,26,0,0
BRDA:140,26,1,0
BRDA:142,27,0,0
BRDA:142,27,1,0
BRDA:158,28,0,3110
BRDA:158,28,1,448
BRDA:162,29,0,1779
BRDA:162,29,1,448
BRDA:162,29,2,448
BRDA:162,29,3,1771
BRDA:162,29,4,1331
BRDA:171,30,0,1778
BRDA:171,30,1,300
BRDA:171,31,0,9
BRDA:171,31,1,291
BRDA:172,32,0,1778
BRDA:172,32,1,0
BRDA:172,32,2,1778
BRDA:172,32,3,0
BRDA:172,32,4,0
BRDA:176,33,0,1778
BRDA:176,33,1,1
BRDA:176,33,2,1
BRDA:176,33,3,1
BRDA:180,34,0,1778
BRDA:180,34,1,448
BRDA:180,34,2,448
BRDA:180,34,3,279
BRDA:180,34,4,40
BRDA:184,35,0,0
BRDA:184,35,1,40
BRDA:185,36,0,1778
BRDA:185,36,1,8
BRDA:186,37,0,0
BRDA:186,37,1,8
BRDA:187,38,0,1778
BRDA:187,38,1,8
BRDA:188,39,0,0
BRDA:188,39,1,8
BRDA:194,40,0,1
BRDA:194,40,1,1777
BRDA:208,41,0,17
BRDA:208,41,1,31
BRDA:242,42,0,206
BRDA:247,43,0,206
BRDA:247,43,1,0
BRDA:250,44,0,0
BRDA:250,44,1,0
BRDA:251,45,0,0
BRDA:251,45,1,0
BRDA:289,46,0,48
BRDA:289,46,1,0
BRDA:293,47,0,0
BRDA:293,47,1,0
BRDA:296,48,0,0
BRDA:296,48,1,0
BRDA:306,49,0,48
BRDA:306,49,1,14
BRF:99
BRH:38
end_of_record
TN:
SF:src/Components/RangePresets.tsx
FN:13,(anonymous_7)
FN:29,(anonymous_8)
FN:39,(anonymous_9)
FN:44,(anonymous_10)
FN:49,(anonymous_11)
FN:52,(anonymous_12)
FNF:6
FNH:0
FNDA:0,(anonymous_7)
FNDA:0,(anonymous_8)
FNDA:0,(anonymous_9)
FNDA:0,(anonymous_10)
FNDA:0,(anonymous_11)
FNDA:0,(anonymous_12)
DA:1,1
DA:2,1
DA:13,1
DA:22,0
DA:23,0
DA:25,0
DA:26,0
DA:29,0
DA:30,0
DA:31,0
DA:35,0
DA:37,0
DA:40,0
DA:45,0
DA:46,0
DA:47,0
DA:50,0
DA:53,0
DA:54,0
DA:55,0
LF:20
LH:3
BRDA:25,0,0,0
BRDA:30,1,0,0
BRDA:54,2,0,0
BRDA:54,3,0,0
BRDA:54,3,1,0
BRF:5
BRH:0
end_of_record
TN:
SF:src/Components/TimeSelector.tsx
FN:13,(anonymous_7)
FN:23,(anonymous_8)
FN:32,(anonymous_9)
FN:42,(anonymous_10)
FN:53,(anonymous_11)
FN:65,(anonymous_12)
FN:71,(anonymous_13)
FNF:7
FNH:0
FNDA:0,(anonymous_7)
FNDA:0,(anonymous_8)
FNDA:0,(anonymous_9)
FNDA:0,(anonymous_10)
FNDA:0,(anonymous_11)
FNDA:0,(anonymous_12)
FNDA:0,(anonymous_13)
DA:1,1
DA:3,1
DA:4,1
DA:13,1
DA:14,0
DA:16,0
DA:17,0
DA:18,0
DA:20,0
DA:23,1
DA:29,0
DA:30,0
DA:32,0
DA:33,0
DA:34,0
DA:35,0
DA:37,0
DA:42,0
DA:43,0
DA:44,0
DA:45,0
DA:47,0
DA:49,0
DA:53,0
DA:54,0
DA:56,0
DA:57,0
DA:59,0
DA:61,0
DA:65,0
DA:66,0
DA:67,0
DA:71,0
DA:72,0
DA:73,0
DA:77,0
LF:36
LH:5
BRDA:14,0,0,0
BRDA:33,1,0,0
BRDA:34,2,0,0
BRDA:34,2,1,0
BRDA:44,3,0,0
BRDA:44,4,0,0
BRDA:44,4,1,0
BRDA:44,4,2,0
BRDA:45,5,0,0
BRDA:56,6,0,0
BRDA:56,7,0,0
BRDA:56,7,1,0
BRDA:56,7,2,0
BRDA:57,8,0,0
BRDA:66,9,0,0
BRDA:72,10,0,0
BRF:16
BRH:0
end_of_record
TN:
SF:src/Components/WeekNumbersGrid.tsx
FN:31,(anonymous_1)
FN:45,(anonymous_2)
FN:67,(anonymous_3)
FN:76,(anonymous_4)
FN:83,(anonymous_5)
FN:107,(anonymous_6)
FN:108,(anonymous_7)
FN:109,(anonymous_8)
FN:110,(anonymous_9)
FN:111,(anonymous_10)
FNF:10
FNH:6
FNDA:46,(anonymous_1)
FNDA:46,(anonymous_2)
FNDA:244,(anonymous_3)
FNDA:6,(anonymous_4)
FNDA:244,(anonymous_5)
FNDA:0,(anonymous_6)
FNDA:0,(anonymous_7)
FNDA:0,(anonymous_8)
FNDA:6,(anonymous_9)
FNDA:0,(anonymous_10)
DA:1,1
DA:3,1
DA:5,1
DA:7,1
DA:31,1
DA:45,46
DA:49,46
DA:50,46
DA:52,46
DA:53,244
DA:59,244
DA:64,46
DA:67,46
DA:68,244
DA:76,46
DA:77,6
DA:78,6
DA:82,46
DA:84,244
DA:107,0
DA:108,0
DA:109,0
DA:110,6
DA:111,0
DA:121,1
LF:25
LH:21
BRDA:47,0,0,0
BRDA:69,1,0,244
BRDA:69,1,1,64
BRDA:69,1,2,64
BRDA:69,1,3,8
BRDA:78,2,0,6
BRDA:78,2,1,6
BRDA:87,3,0,244
BRDA:87,3,1,75
BRDA:88,4,0,244
BRDA:88,4,1,0
BRDA:88,4,2,244
BRDA:88,4,3,0
BRDA:88,4,4,0
BRDA:103,5,0,244
BRDA:103,5,1,0
BRDA:104,6,0,244
BRDA:104,6,1,8
BRF:18
BRH:13
end_of_record
TN:
SF:src/Utils/ClassNames.ts
FN:1,(anonymous_0)
FN:3,(anonymous_1)
FNF:2
FNH:2
FNDA:2418,(anonymous_0)
FNDA:14457,(anonymous_1)
DA:1,1
DA:2,2418
DA:3,14457
LF:3
LH:3
BRF:0
BRH:0
end_of_record
TN:
SF:src/Utils/Date.ts
FN:9,(anonymous_0)
FN:13,(anonymous_1)
FN:23,(anonymous_2)
FN:34,(anonymous_3)
FN:55,(anonymous_4)
FN:70,(anonymous_5)
FN:88,(anonymous_6)
FN:122,(anonymous_7)
FN:135,(anonymous_8)
FN:145,(anonymous_9)
FN:158,(anonymous_10)
FN:168,(anonymous_11)
FN:178,(anonymous_12)
FNF:13
FNH:13
FNDA:2311,(anonymous_0)
FNDA:554,(anonymous_1)
FNDA:1101,(anonymous_2)
FNDA:303,(anonymous_3)
FNDA:1179,(anonymous_4)
FNDA:9,(anonymous_5)
FNDA:257,(anonymous_6)
FNDA:48,(anonymous_7)
FNDA:48,(anonymous_8)
FNDA:96,(anonymous_9)
FNDA:448,(anonymous_10)
FNDA:279,(anonymous_11)
FNDA:4452,(anonymous_12)
DA:1,2
DA:9,2
DA:10,2311
DA:13,2
DA:14,554
DA:15,554
DA:16,554
DA:18,554
DA:19,554
DA:20,554
DA:23,2
DA:24,1101
DA:25,1101
DA:26,1101
DA:28,1101
DA:29,1101
DA:31,1101
DA:34,2
DA:38,303
DA:39,303
DA:40,303
DA:42,303
DA:55,2
DA:56,1179
DA:58,1179
DA:70,2
DA:75,9
DA:76,9
DA:78,9
DA:79,9
DA:81,9
DA:82,9
DA:83,9
DA:85,9
DA:88,2
DA:89,257
DA:91,257
DA:92,257
DA:93,257
DA:98,257
DA:99,5
DA:100,5
DA:106,257
DA:111,24
DA:114,233
DA:119,233
DA:122,2
DA:123,48
DA:124,48
DA:125,48
DA:126,48
DA:127,48
DA:128,336
DA:129,336
DA:132,48
DA:135,2
DA:136,48
DA:137,48
DA:139,48
DA:145,2
DA:146,96
DA:148,96
DA:153,0
DA:155,96
DA:158,2
DA:159,448
DA:160,448
DA:168,2
DA:169,279
DA:170,279
DA:178,2
DA:179,4452
DA:180,4452
LF:73
LH:72
BRDA:13,0,0,3
BRDA:16,1,0,198
BRDA:16,1,1,356
BRDA:23,2,0,3
BRDA:26,3,0,348
BRDA:26,3,1,753
BRDA:36,4,0,0
BRDA:58,5,0,1179
BRDA:58,5,1,1
BRDA:73,6,0,3
BRDA:88,7,0,5
BRDA:98,8,0,5
BRDA:106,9,0,24
BRDA:107,10,0,257
BRDA:107,10,1,32
BRDA:148,11,0,0
BRDA:149,12,0,96
BRDA:149,12,1,0
BRDA:149,12,2,0
BRDA:149,12,3,0
BRDA:159,13,0,0
BRDA:161,14,0,448
BRDA:161,14,1,430
BRDA:161,14,2,430
BRDA:161,14,3,203
BRDA:161,14,4,185
BRDA:169,15,0,0
BRDA:171,16,0,279
BRDA:171,16,1,276
BRDA:171,16,2,267
BRDA:171,16,3,265
BRDA:171,16,4,120
BRDA:179,17,0,0
BRDA:181,18,0,4452
BRDA:181,18,1,131
BRDA:181,18,2,24
BRF:36
BRH:28
end_of_record
TN:
SF:src/Utils/Dom.ts
FN:3,findClosestElementWithClass
FN:8,(anonymous_1)
FNF:2
FNH:0
FNDA:0,findClosestElementWithClass
FNDA:0,(anonymous_1)
DA:3,1
DA:7,0
DA:8,0
DA:10,0
DA:11,0
DA:12,0
DA:15,0
DA:16,0
DA:19,0
LF:9
LH:1
BRDA:10,0,0,0
BRDA:10,0,1,0
BRDA:11,1,0,0
BRDA:11,1,1,0
BRDA:11,1,2,0
BRDA:15,2,0,0
BRDA:15,2,1,0
BRDA:15,2,2,0
BRDA:19,3,0,0
BRDA:19,3,1,0
BRF:10
BRH:0
end_of_record
